Command line invocation:
    /Applications/Xcode.app/Contents/Developer/usr/bin/xcodebuild -project /Users/tanujd/dev/ambidash-qa/ambidash.xcodeproj -scheme ambidash-mac -configuration Release -destination platform=macOS -derivedDataPath /Users/tanujd/dev/ambidash-qa/.qa-derived-mac-adhoc CODE_SIGN_IDENTITY=- CODE_SIGNING_REQUIRED=YES CODE_SIGNING_ALLOWED=YES CODE_SIGN_ENTITLEMENTS=ambidash-mac/ambidash-mac-adhoc.entitlements build

Build settings from command line:
    CODE_SIGN_ENTITLEMENTS = ambidash-mac/ambidash-mac-adhoc.entitlements
    CODE_SIGN_IDENTITY = -
    CODE_SIGNING_ALLOWED = YES
    CODE_SIGNING_REQUIRED = YES

2026-06-05 13:59:35.752 xcodebuild[75288:1242364] [MT] IDERunDestination: Supported platforms for the buildables in the current scheme is empty.
--- xcodebuild: WARNING: Using the first of multiple matching destinations:
{ platform:macOS, arch:arm64, id:00008142-0002043E3E06401C, name:My Mac }
{ platform:macOS, arch:x86_64, id:00008142-0002043E3E06401C, name:My Mac }
note: Using codesigning identity override: -
ComputePackagePrebuildTargetDependencyGraph

Prepare packages

CreateBuildRequest

SendProjectDescription

CreateBuildOperation

ComputeTargetDependencyGraph
note: Building targets in dependency order
note: Target dependency graph (1 target)
    Target 'ambidash-mac' in project 'ambidash' (no dependencies)

GatherProvisioningInputs

CreateBuildDescription

ExecuteExternalTool /Applications/Xcode.app/Contents/Developer/Toolchains/XcodeDefault.xctoolchain/usr/bin/clang -v -E -dM -isysroot /Applications/Xcode.app/Contents/Developer/Platforms/MacOSX.platform/Developer/SDKs/MacOSX26.5.sdk -x c -c /dev/null

ExecuteExternalTool /Applications/Xcode.app/Contents/Developer/usr/bin/actool --version --output-format xml1

ExecuteExternalTool /Applications/Xcode.app/Contents/Developer/Toolchains/XcodeDefault.xctoolchain/usr/bin/swiftc --version

ExecuteExternalTool /Applications/Xcode.app/Contents/Developer/Toolchains/XcodeDefault.xctoolchain/usr/bin/ld -version_details

Build description signature: 519f75e4dbaea81ecfa57ca0172ba662
Build description path: /Users/tanujd/dev/ambidash-qa/.qa-derived-mac-adhoc/Build/Intermediates.noindex/XCBuildData/519f75e4dbaea81ecfa57ca0172ba662.xcbuilddata
ClangStatCache /Applications/Xcode.app/Contents/Developer/Toolchains/XcodeDefault.xctoolchain/usr/bin/clang-stat-cache /Applications/Xcode.app/Contents/Developer/Platforms/MacOSX.platform/Developer/SDKs/MacOSX26.5.sdk /Users/tanujd/dev/ambidash-qa/.qa-derived-mac-adhoc/SDKStatCaches.noindex/macosx26.5-25F70-e082c4a02f00227109f4ed75e425c832.sdkstatcache
    cd /Users/tanujd/dev/ambidash-qa/ambidash.xcodeproj
    /Applications/Xcode.app/Contents/Developer/Toolchains/XcodeDefault.xctoolchain/usr/bin/clang-stat-cache /Applications/Xcode.app/Contents/Developer/Platforms/MacOSX.platform/Developer/SDKs/MacOSX26.5.sdk -o /Users/tanujd/dev/ambidash-qa/.qa-derived-mac-adhoc/SDKStatCaches.noindex/macosx26.5-25F70-e082c4a02f00227109f4ed75e425c832.sdkstatcache

CreateBuildDirectory /Users/tanujd/dev/ambidash-qa/.qa-derived-mac-adhoc/Build/Products
    cd /Users/tanujd/dev/ambidash-qa/ambidash.xcodeproj
    builtin-create-build-directory /Users/tanujd/dev/ambidash-qa/.qa-derived-mac-adhoc/Build/Products

CreateBuildDirectory /Users/tanujd/dev/ambidash-qa/.qa-derived-mac-adhoc/Build/Intermediates.noindex
    cd /Users/tanujd/dev/ambidash-qa/ambidash.xcodeproj
    builtin-create-build-directory /Users/tanujd/dev/ambidash-qa/.qa-derived-mac-adhoc/Build/Intermediates.noindex

CreateBuildDirectory /Users/tanujd/dev/ambidash-qa/.qa-derived-mac-adhoc/Build/Intermediates.noindex/ExplicitPrecompiledModules
    cd /Users/tanujd/dev/ambidash-qa/ambidash.xcodeproj
    builtin-create-build-directory /Users/tanujd/dev/ambidash-qa/.qa-derived-mac-adhoc/Build/Intermediates.noindex/ExplicitPrecompiledModules

CreateBuildDirectory /Users/tanujd/dev/ambidash-qa/.qa-derived-mac-adhoc/Build/Intermediates.noindex/SwiftExplicitPrecompiledModules
    cd /Users/tanujd/dev/ambidash-qa/ambidash.xcodeproj
    builtin-create-build-directory /Users/tanujd/dev/ambidash-qa/.qa-derived-mac-adhoc/Build/Intermediates.noindex/SwiftExplicitPrecompiledModules

CreateBuildDirectory /Users/tanujd/dev/ambidash-qa/.qa-derived-mac-adhoc/Build/Products/Release
    cd /Users/tanujd/dev/ambidash-qa/ambidash.xcodeproj
    builtin-create-build-directory /Users/tanujd/dev/ambidash-qa/.qa-derived-mac-adhoc/Build/Products/Release

CreateBuildDirectory /Users/tanujd/dev/ambidash-qa/.qa-derived-mac-adhoc/Build/Intermediates.noindex/EagerLinkingTBDs/Release
    cd /Users/tanujd/dev/ambidash-qa/ambidash.xcodeproj
    builtin-create-build-directory /Users/tanujd/dev/ambidash-qa/.qa-derived-mac-adhoc/Build/Intermediates.noindex/EagerLinkingTBDs/Release

WriteAuxiliaryFile /Users/tanujd/dev/ambidash-qa/.qa-derived-mac-adhoc/Build/Intermediates.noindex/ambidash.build/Release/ambidash-31974e6f1e53cf66bc099f1043ebdee4-VFS/all-product-headers.yaml
    cd /Users/tanujd/dev/ambidash-qa/ambidash.xcodeproj
    write-file /Users/tanujd/dev/ambidash-qa/.qa-derived-mac-adhoc/Build/Intermediates.noindex/ambidash.build/Release/ambidash-31974e6f1e53cf66bc099f1043ebdee4-VFS/all-product-headers.yaml

WriteAuxiliaryFile /Users/tanujd/dev/ambidash-qa/.qa-derived-mac-adhoc/Build/Intermediates.noindex/ambidash.build/Release/ambidash-mac.build/ambidash-mac.DependencyMetadataFileList (in target 'ambidash-mac' from project 'ambidash')
    cd /Users/tanujd/dev/ambidash-qa
    write-file /Users/tanujd/dev/ambidash-qa/.qa-derived-mac-adhoc/Build/Intermediates.noindex/ambidash.build/Release/ambidash-mac.build/ambidash-mac.DependencyMetadataFileList

WriteAuxiliaryFile /Users/tanujd/dev/ambidash-qa/.qa-derived-mac-adhoc/Build/Intermediates.noindex/ambidash.build/Release/ambidash-mac.build/ambidash-mac-generated-files.hmap (in target 'ambidash-mac' from project 'ambidash')
    cd /Users/tanujd/dev/ambidash-qa
    write-file /Users/tanujd/dev/ambidash-qa/.qa-derived-mac-adhoc/Build/Intermediates.noindex/ambidash.build/Release/ambidash-mac.build/ambidash-mac-generated-files.hmap

WriteAuxiliaryFile /Users/tanujd/dev/ambidash-qa/.qa-derived-mac-adhoc/Build/Intermediates.noindex/ambidash.build/Release/ambidash-mac.build/ambidash-mac-own-target-headers.hmap (in target 'ambidash-mac' from project 'ambidash')
    cd /Users/tanujd/dev/ambidash-qa
    write-file /Users/tanujd/dev/ambidash-qa/.qa-derived-mac-adhoc/Build/Intermediates.noindex/ambidash.build/Release/ambidash-mac.build/ambidash-mac-own-target-headers.hmap

WriteAuxiliaryFile /Users/tanujd/dev/ambidash-qa/.qa-derived-mac-adhoc/Build/Intermediates.noindex/ambidash.build/Release/ambidash-mac.build/ambidash-mac-project-headers.hmap (in target 'ambidash-mac' from project 'ambidash')
    cd /Users/tanujd/dev/ambidash-qa
    write-file /Users/tanujd/dev/ambidash-qa/.qa-derived-mac-adhoc/Build/Intermediates.noindex/ambidash.build/Release/ambidash-mac.build/ambidash-mac-project-headers.hmap

WriteAuxiliaryFile /Users/tanujd/dev/ambidash-qa/.qa-derived-mac-adhoc/Build/Intermediates.noindex/ambidash.build/Release/ambidash-mac.build/ambidash-mac-all-target-headers.hmap (in target 'ambidash-mac' from project 'ambidash')
    cd /Users/tanujd/dev/ambidash-qa
    write-file /Users/tanujd/dev/ambidash-qa/.qa-derived-mac-adhoc/Build/Intermediates.noindex/ambidash.build/Release/ambidash-mac.build/ambidash-mac-all-target-headers.hmap

WriteAuxiliaryFile /Users/tanujd/dev/ambidash-qa/.qa-derived-mac-adhoc/Build/Intermediates.noindex/ambidash.build/Release/ambidash-mac.build/ambidash-mac-all-non-framework-target-headers.hmap (in target 'ambidash-mac' from project 'ambidash')
    cd /Users/tanujd/dev/ambidash-qa
    write-file /Users/tanujd/dev/ambidash-qa/.qa-derived-mac-adhoc/Build/Intermediates.noindex/ambidash.build/Release/ambidash-mac.build/ambidash-mac-all-non-framework-target-headers.hmap

WriteAuxiliaryFile /Users/tanujd/dev/ambidash-qa/.qa-derived-mac-adhoc/Build/Intermediates.noindex/ambidash.build/Release/ambidash-mac.build/ambidash-mac.DependencyStaticMetadataFileList (in target 'ambidash-mac' from project 'ambidash')
    cd /Users/tanujd/dev/ambidash-qa
    write-file /Users/tanujd/dev/ambidash-qa/.qa-derived-mac-adhoc/Build/Intermediates.noindex/ambidash.build/Release/ambidash-mac.build/ambidash-mac.DependencyStaticMetadataFileList

WriteAuxiliaryFile /Users/tanujd/dev/ambidash-qa/.qa-derived-mac-adhoc/Build/Intermediates.noindex/ambidash.build/Release/ambidash-mac.build/Objects-normal/arm64/ambidash-mac_const_extract_protocols.json (in target 'ambidash-mac' from project 'ambidash')
    cd /Users/tanujd/dev/ambidash-qa
    write-file /Users/tanujd/dev/ambidash-qa/.qa-derived-mac-adhoc/Build/Intermediates.noindex/ambidash.build/Release/ambidash-mac.build/Objects-normal/arm64/ambidash-mac_const_extract_protocols.json

WriteAuxiliaryFile /Users/tanujd/dev/ambidash-qa/.qa-derived-mac-adhoc/Build/Intermediates.noindex/ambidash.build/Release/ambidash-mac.build/ambidash-mac.hmap (in target 'ambidash-mac' from project 'ambidash')
    cd /Users/tanujd/dev/ambidash-qa
    write-file /Users/tanujd/dev/ambidash-qa/.qa-derived-mac-adhoc/Build/Intermediates.noindex/ambidash.build/Release/ambidash-mac.build/ambidash-mac.hmap

WriteAuxiliaryFile /Users/tanujd/dev/ambidash-qa/.qa-derived-mac-adhoc/Build/Intermediates.noindex/ambidash.build/Release/ambidash-mac.build/Objects-normal/arm64/ambidash-mac.SwiftFileList (in target 'ambidash-mac' from project 'ambidash')
    cd /Users/tanujd/dev/ambidash-qa
    write-file /Users/tanujd/dev/ambidash-qa/.qa-derived-mac-adhoc/Build/Intermediates.noindex/ambidash.build/Release/ambidash-mac.build/Objects-normal/arm64/ambidash-mac.SwiftFileList

WriteAuxiliaryFile /Users/tanujd/dev/ambidash-qa/.qa-derived-mac-adhoc/Build/Intermediates.noindex/ambidash.build/Release/ambidash-mac.build/Objects-normal/arm64/ambidash-mac.SwiftConstValuesFileList (in target 'ambidash-mac' from project 'ambidash')
    cd /Users/tanujd/dev/ambidash-qa
    write-file /Users/tanujd/dev/ambidash-qa/.qa-derived-mac-adhoc/Build/Intermediates.noindex/ambidash.build/Release/ambidash-mac.build/Objects-normal/arm64/ambidash-mac.SwiftConstValuesFileList

WriteAuxiliaryFile /Users/tanujd/dev/ambidash-qa/.qa-derived-mac-adhoc/Build/Intermediates.noindex/ambidash.build/Release/ambidash-mac.build/Objects-normal/arm64/ambidash-mac.LinkFileList (in target 'ambidash-mac' from project 'ambidash')
    cd /Users/tanujd/dev/ambidash-qa
    write-file /Users/tanujd/dev/ambidash-qa/.qa-derived-mac-adhoc/Build/Intermediates.noindex/ambidash.build/Release/ambidash-mac.build/Objects-normal/arm64/ambidash-mac.LinkFileList

WriteAuxiliaryFile /Users/tanujd/dev/ambidash-qa/.qa-derived-mac-adhoc/Build/Intermediates.noindex/ambidash.build/Release/ambidash-mac.build/Objects-normal/arm64/ambidash-mac-OutputFileMap.json (in target 'ambidash-mac' from project 'ambidash')
    cd /Users/tanujd/dev/ambidash-qa
    write-file /Users/tanujd/dev/ambidash-qa/.qa-derived-mac-adhoc/Build/Intermediates.noindex/ambidash.build/Release/ambidash-mac.build/Objects-normal/arm64/ambidash-mac-OutputFileMap.json

MkDir /Users/tanujd/dev/ambidash-qa/.qa-derived-mac-adhoc/Build/Products/Release/ambidash-mac.app (in target 'ambidash-mac' from project 'ambidash')
    cd /Users/tanujd/dev/ambidash-qa
    /bin/mkdir -p /Users/tanujd/dev/ambidash-qa/.qa-derived-mac-adhoc/Build/Products/Release/ambidash-mac.app

WriteAuxiliaryFile /Users/tanujd/dev/ambidash-qa/.qa-derived-mac-adhoc/Build/Intermediates.noindex/ambidash.build/Release/ambidash-mac.build/DerivedSources/Entitlements.plist (in target 'ambidash-mac' from project 'ambidash')
    cd /Users/tanujd/dev/ambidash-qa
    write-file /Users/tanujd/dev/ambidash-qa/.qa-derived-mac-adhoc/Build/Intermediates.noindex/ambidash.build/Release/ambidash-mac.build/DerivedSources/Entitlements.plist

MkDir /Users/tanujd/dev/ambidash-qa/.qa-derived-mac-adhoc/Build/Products/Release/ambidash-mac.app/Contents/MacOS (in target 'ambidash-mac' from project 'ambidash')
    cd /Users/tanujd/dev/ambidash-qa
    /bin/mkdir -p /Users/tanujd/dev/ambidash-qa/.qa-derived-mac-adhoc/Build/Products/Release/ambidash-mac.app/Contents/MacOS

MkDir /Users/tanujd/dev/ambidash-qa/.qa-derived-mac-adhoc/Build/Products/Release/ambidash-mac.app/Contents/Resources (in target 'ambidash-mac' from project 'ambidash')
    cd /Users/tanujd/dev/ambidash-qa
    /bin/mkdir -p /Users/tanujd/dev/ambidash-qa/.qa-derived-mac-adhoc/Build/Products/Release/ambidash-mac.app/Contents/Resources

MkDir /Users/tanujd/dev/ambidash-qa/.qa-derived-mac-adhoc/Build/Products/Release/ambidash-mac.app/Contents (in target 'ambidash-mac' from project 'ambidash')
    cd /Users/tanujd/dev/ambidash-qa
    /bin/mkdir -p /Users/tanujd/dev/ambidash-qa/.qa-derived-mac-adhoc/Build/Products/Release/ambidash-mac.app/Contents

ProcessProductPackaging /Users/tanujd/dev/ambidash-qa/ambidash-mac/ambidash-mac-adhoc.entitlements /Users/tanujd/dev/ambidash-qa/.qa-derived-mac-adhoc/Build/Intermediates.noindex/ambidash.build/Release/ambidash-mac.build/ambidash-mac.app.xcent (in target 'ambidash-mac' from project 'ambidash')
    cd /Users/tanujd/dev/ambidash-qa
    
    Entitlements:
    
    {
    "com.apple.security.app-sandbox" = 1;
    "com.apple.security.files.user-selected.read-write" = 1;
    "com.apple.security.get-task-allow" = 1;
    "com.apple.security.network.client" = 1;
}
    
    builtin-productPackagingUtility /Users/tanujd/dev/ambidash-qa/ambidash-mac/ambidash-mac-adhoc.entitlements -entitlements -format xml -o /Users/tanujd/dev/ambidash-qa/.qa-derived-mac-adhoc/Build/Intermediates.noindex/ambidash.build/Release/ambidash-mac.build/ambidash-mac.app.xcent

ProcessProductPackagingDER /Users/tanujd/dev/ambidash-qa/.qa-derived-mac-adhoc/Build/Intermediates.noindex/ambidash.build/Release/ambidash-mac.build/ambidash-mac.app.xcent /Users/tanujd/dev/ambidash-qa/.qa-derived-mac-adhoc/Build/Intermediates.noindex/ambidash.build/Release/ambidash-mac.build/ambidash-mac.app.xcent.der (in target 'ambidash-mac' from project 'ambidash')
    cd /Users/tanujd/dev/ambidash-qa
    /usr/bin/derq query -f xml -i /Users/tanujd/dev/ambidash-qa/.qa-derived-mac-adhoc/Build/Intermediates.noindex/ambidash.build/Release/ambidash-mac.build/ambidash-mac.app.xcent -o /Users/tanujd/dev/ambidash-qa/.qa-derived-mac-adhoc/Build/Intermediates.noindex/ambidash.build/Release/ambidash-mac.build/ambidash-mac.app.xcent.der --raw

MkDir /Users/tanujd/dev/ambidash-qa/.qa-derived-mac-adhoc/Build/Intermediates.noindex/ambidash.build/Release/ambidash-mac.build/assetcatalog_output/thinned (in target 'ambidash-mac' from project 'ambidash')
    cd /Users/tanujd/dev/ambidash-qa
    /bin/mkdir -p /Users/tanujd/dev/ambidash-qa/.qa-derived-mac-adhoc/Build/Intermediates.noindex/ambidash.build/Release/ambidash-mac.build/assetcatalog_output/thinned

MkDir /Users/tanujd/dev/ambidash-qa/.qa-derived-mac-adhoc/Build/Intermediates.noindex/ambidash.build/Release/ambidash-mac.build/assetcatalog_output/unthinned (in target 'ambidash-mac' from project 'ambidash')
    cd /Users/tanujd/dev/ambidash-qa
    /bin/mkdir -p /Users/tanujd/dev/ambidash-qa/.qa-derived-mac-adhoc/Build/Intermediates.noindex/ambidash.build/Release/ambidash-mac.build/assetcatalog_output/unthinned

CpResource /Users/tanujd/dev/ambidash-qa/.qa-derived-mac-adhoc/Build/Products/Release/ambidash-mac.app/Contents/Resources/Products.storekit /Users/tanujd/dev/ambidash-qa/ambidash/Products.storekit (in target 'ambidash-mac' from project 'ambidash')
    cd /Users/tanujd/dev/ambidash-qa
    builtin-copy -exclude .DS_Store -exclude CVS -exclude .svn -exclude .git -exclude .hg -resolve-src-symlinks /Users/tanujd/dev/ambidash-qa/ambidash/Products.storekit /Users/tanujd/dev/ambidash-qa/.qa-derived-mac-adhoc/Build/Products/Release/ambidash-mac.app/Contents/Resources

GenerateAssetSymbols /Users/tanujd/dev/ambidash-qa/ambidash/Assets.xcassets (in target 'ambidash-mac' from project 'ambidash')
    cd /Users/tanujd/dev/ambidash-qa
    /Applications/Xcode.app/Contents/Developer/usr/bin/actool /Users/tanujd/dev/ambidash-qa/ambidash/Assets.xcassets --compile /Users/tanujd/dev/ambidash-qa/.qa-derived-mac-adhoc/Build/Products/Release/ambidash-mac.app/Contents/Resources --output-format human-readable-text --notices --warnings --export-dependency-info /Users/tanujd/dev/ambidash-qa/.qa-derived-mac-adhoc/Build/Intermediates.noindex/ambidash.build/Release/ambidash-mac.build/assetcatalog_dependencies --output-partial-info-plist /Users/tanujd/dev/ambidash-qa/.qa-derived-mac-adhoc/Build/Intermediates.noindex/ambidash.build/Release/ambidash-mac.build/assetcatalog_generated_info.plist --app-icon AppIcon --enable-on-demand-resources NO --development-region en --target-device mac --minimum-deployment-target 14.0 --platform macosx --bundle-identifier com.ambidash.app.mac --generate-swift-asset-symbol-extensions NO --generate-swift-asset-symbols /Users/tanujd/dev/ambidash-qa/.qa-derived-mac-adhoc/Build/Intermediates.noindex/ambidash.build/Release/ambidash-mac.build/DerivedSources/GeneratedAssetSymbols.swift --generate-objc-asset-symbols /Users/tanujd/dev/ambidash-qa/.qa-derived-mac-adhoc/Build/Intermediates.noindex/ambidash.build/Release/ambidash-mac.build/DerivedSources/GeneratedAssetSymbols.h --generate-asset-symbol-index /Users/tanujd/dev/ambidash-qa/.qa-derived-mac-adhoc/Build/Intermediates.noindex/ambidash.build/Release/ambidash-mac.build/DerivedSources/GeneratedAssetSymbols-Index.plist
/* com.apple.actool.compilation-results */
/Users/tanujd/dev/ambidash-qa/.qa-derived-mac-adhoc/Build/Intermediates.noindex/ambidash.build/Release/ambidash-mac.build/DerivedSources/GeneratedAssetSymbols-Index.plist
/Users/tanujd/dev/ambidash-qa/.qa-derived-mac-adhoc/Build/Intermediates.noindex/ambidash.build/Release/ambidash-mac.build/DerivedSources/GeneratedAssetSymbols.h
/Users/tanujd/dev/ambidash-qa/.qa-derived-mac-adhoc/Build/Intermediates.noindex/ambidash.build/Release/ambidash-mac.build/DerivedSources/GeneratedAssetSymbols.swift


CpResource /Users/tanujd/dev/ambidash-qa/.qa-derived-mac-adhoc/Build/Products/Release/ambidash-mac.app/Contents/Resources/PrivacyInfo.xcprivacy /Users/tanujd/dev/ambidash-qa/ambidash/PrivacyInfo.xcprivacy (in target 'ambidash-mac' from project 'ambidash')
    cd /Users/tanujd/dev/ambidash-qa
    builtin-copy -exclude .DS_Store -exclude CVS -exclude .svn -exclude .git -exclude .hg -resolve-src-symlinks /Users/tanujd/dev/ambidash-qa/ambidash/PrivacyInfo.xcprivacy /Users/tanujd/dev/ambidash-qa/.qa-derived-mac-adhoc/Build/Products/Release/ambidash-mac.app/Contents/Resources

CompileAssetCatalogVariant thinned /Users/tanujd/dev/ambidash-qa/.qa-derived-mac-adhoc/Build/Products/Release/ambidash-mac.app/Contents/Resources /Users/tanujd/dev/ambidash-qa/ambidash/Assets.xcassets (in target 'ambidash-mac' from project 'ambidash')
    cd /Users/tanujd/dev/ambidash-qa
    /Applications/Xcode.app/Contents/Developer/usr/bin/actool /Users/tanujd/dev/ambidash-qa/ambidash/Assets.xcassets --compile /Users/tanujd/dev/ambidash-qa/.qa-derived-mac-adhoc/Build/Intermediates.noindex/ambidash.build/Release/ambidash-mac.build/assetcatalog_output/thinned --output-format human-readable-text --notices --warnings --export-dependency-info /Users/tanujd/dev/ambidash-qa/.qa-derived-mac-adhoc/Build/Intermediates.noindex/ambidash.build/Release/ambidash-mac.build/assetcatalog_dependencies_thinned --output-partial-info-plist /Users/tanujd/dev/ambidash-qa/.qa-derived-mac-adhoc/Build/Intermediates.noindex/ambidash.build/Release/ambidash-mac.build/assetcatalog_generated_info.plist_thinned --app-icon AppIcon --enable-on-demand-resources NO --development-region en --target-device mac --minimum-deployment-target 14.0 --platform macosx
/* com.apple.actool.compilation-results */
/Users/tanujd/dev/ambidash-qa/.qa-derived-mac-adhoc/Build/Intermediates.noindex/ambidash.build/Release/ambidash-mac.build/assetcatalog_generated_info.plist_thinned
/Users/tanujd/dev/ambidash-qa/.qa-derived-mac-adhoc/Build/Intermediates.noindex/ambidash.build/Release/ambidash-mac.build/assetcatalog_output/thinned/Assets.car


LinkAssetCatalog /Users/tanujd/dev/ambidash-qa/ambidash/Assets.xcassets (in target 'ambidash-mac' from project 'ambidash')
    cd /Users/tanujd/dev/ambidash-qa
    builtin-linkAssetCatalog --thinned /Users/tanujd/dev/ambidash-qa/.qa-derived-mac-adhoc/Build/Intermediates.noindex/ambidash.build/Release/ambidash-mac.build/assetcatalog_output/thinned --thinned-dependencies /Users/tanujd/dev/ambidash-qa/.qa-derived-mac-adhoc/Build/Intermediates.noindex/ambidash.build/Release/ambidash-mac.build/assetcatalog_dependencies_thinned --thinned-info-plist-content /Users/tanujd/dev/ambidash-qa/.qa-derived-mac-adhoc/Build/Intermediates.noindex/ambidash.build/Release/ambidash-mac.build/assetcatalog_generated_info.plist_thinned --unthinned /Users/tanujd/dev/ambidash-qa/.qa-derived-mac-adhoc/Build/Intermediates.noindex/ambidash.build/Release/ambidash-mac.build/assetcatalog_output/unthinned --unthinned-dependencies /Users/tanujd/dev/ambidash-qa/.qa-derived-mac-adhoc/Build/Intermediates.noindex/ambidash.build/Release/ambidash-mac.build/assetcatalog_dependencies_unthinned --unthinned-info-plist-content /Users/tanujd/dev/ambidash-qa/.qa-derived-mac-adhoc/Build/Intermediates.noindex/ambidash.build/Release/ambidash-mac.build/assetcatalog_generated_info.plist_unthinned --output /Users/tanujd/dev/ambidash-qa/.qa-derived-mac-adhoc/Build/Products/Release/ambidash-mac.app/Contents/Resources --plist-output /Users/tanujd/dev/ambidash-qa/.qa-derived-mac-adhoc/Build/Intermediates.noindex/ambidash.build/Release/ambidash-mac.build/assetcatalog_generated_info.plist
note: Emplaced /Users/tanujd/dev/ambidash-qa/.qa-derived-mac-adhoc/Build/Products/Release/ambidash-mac.app/Contents/Resources/Assets.car (in target 'ambidash-mac' from project 'ambidash')

ProcessInfoPlistFile /Users/tanujd/dev/ambidash-qa/.qa-derived-mac-adhoc/Build/Products/Release/ambidash-mac.app/Contents/Info.plist /Users/tanujd/dev/ambidash-qa/ambidash/Info.plist (in target 'ambidash-mac' from project 'ambidash')
    cd /Users/tanujd/dev/ambidash-qa
    builtin-infoPlistUtility /Users/tanujd/dev/ambidash-qa/ambidash/Info.plist -producttype com.apple.product-type.application -genpkginfo /Users/tanujd/dev/ambidash-qa/.qa-derived-mac-adhoc/Build/Products/Release/ambidash-mac.app/Contents/PkgInfo -expandbuildsettings -platform macosx -additionalcontentfile /Users/tanujd/dev/ambidash-qa/.qa-derived-mac-adhoc/Build/Intermediates.noindex/ambidash.build/Release/ambidash-mac.build/assetcatalog_generated_info.plist -o /Users/tanujd/dev/ambidash-qa/.qa-derived-mac-adhoc/Build/Products/Release/ambidash-mac.app/Contents/Info.plist

SwiftDriver ambidash-mac normal arm64 com.apple.xcode.tools.swift.compiler (in target 'ambidash-mac' from project 'ambidash')
    cd /Users/tanujd/dev/ambidash-qa
    builtin-SwiftDriver -- /Applications/Xcode.app/Contents/Developer/Toolchains/XcodeDefault.xctoolchain/usr/bin/swiftc -module-name ambidash_mac -O -whole-module-optimization @/Users/tanujd/dev/ambidash-qa/.qa-derived-mac-adhoc/Build/Intermediates.noindex/ambidash.build/Release/ambidash-mac.build/Objects-normal/arm64/ambidash-mac.SwiftFileList -enable-experimental-feature DebugDescriptionMacro -sdk /Applications/Xcode.app/Contents/Developer/Platforms/MacOSX.platform/Developer/SDKs/MacOSX26.5.sdk -target arm64-apple-macos14.0 -g -module-cache-path /Users/tanujd/dev/ambidash-qa/.qa-derived-mac-adhoc/ModuleCache.noindex -Xfrontend -serialize-debugging-options -swift-version 6 -I /Users/tanujd/dev/ambidash-qa/.qa-derived-mac-adhoc/Build/Products/Release -F /Users/tanujd/dev/ambidash-qa/.qa-derived-mac-adhoc/Build/Products/Release -emit-localized-strings -emit-localized-strings-path /Users/tanujd/dev/ambidash-qa/.qa-derived-mac-adhoc/Build/Intermediates.noindex/ambidash.build/Release/ambidash-mac.build/Objects-normal/arm64 -c -num-threads 10 -Xcc -ivfsstatcache -Xcc /Users/tanujd/dev/ambidash-qa/.qa-derived-mac-adhoc/SDKStatCaches.noindex/macosx26.5-25F70-e082c4a02f00227109f4ed75e425c832.sdkstatcache -output-file-map /Users/tanujd/dev/ambidash-qa/.qa-derived-mac-adhoc/Build/Intermediates.noindex/ambidash.build/Release/ambidash-mac.build/Objects-normal/arm64/ambidash-mac-OutputFileMap.json -use-frontend-parseable-output -save-temps -no-color-diagnostics -explicit-module-build -module-cache-path /Users/tanujd/dev/ambidash-qa/.qa-derived-mac-adhoc/Build/Intermediates.noindex/SwiftExplicitPrecompiledModules -clang-scanner-module-cache-path /Users/tanujd/dev/ambidash-qa/.qa-derived-mac-adhoc/ModuleCache.noindex -sdk-module-cache-path /Users/tanujd/dev/ambidash-qa/.qa-derived-mac-adhoc/ModuleCache.noindex -serialize-diagnostics -emit-dependencies -emit-module -emit-module-path /Users/tanujd/dev/ambidash-qa/.qa-derived-mac-adhoc/Build/Intermediates.noindex/ambidash.build/Release/ambidash-mac.build/Objects-normal/arm64/ambidash_mac.swiftmodule -validate-clang-modules-once -clang-build-session-file /Users/tanujd/dev/ambidash-qa/.qa-derived-mac-adhoc/ModuleCache.noindex/Session.modulevalidation -Xcc -I/Users/tanujd/dev/ambidash-qa/.qa-derived-mac-adhoc/Build/Intermediates.noindex/ambidash.build/Release/ambidash-mac.build/swift-overrides.hmap -emit-const-values -Xfrontend -const-gather-protocols-file -Xfrontend /Users/tanujd/dev/ambidash-qa/.qa-derived-mac-adhoc/Build/Intermediates.noindex/ambidash.build/Release/ambidash-mac.build/Objects-normal/arm64/ambidash-mac_const_extract_protocols.json -Xcc -iquote -Xcc /Users/tanujd/dev/ambidash-qa/.qa-derived-mac-adhoc/Build/Intermediates.noindex/ambidash.build/Release/ambidash-mac.build/ambidash-mac-generated-files.hmap -Xcc -I/Users/tanujd/dev/ambidash-qa/.qa-derived-mac-adhoc/Build/Intermediates.noindex/ambidash.build/Release/ambidash-mac.build/ambidash-mac-own-target-headers.hmap -Xcc -I/Users/tanujd/dev/ambidash-qa/.qa-derived-mac-adhoc/Build/Intermediates.noindex/ambidash.build/Release/ambidash-mac.build/ambidash-mac-all-target-headers.hmap -Xcc -iquote -Xcc /Users/tanujd/dev/ambidash-qa/.qa-derived-mac-adhoc/Build/Intermediates.noindex/ambidash.build/Release/ambidash-mac.build/ambidash-mac-project-headers.hmap -Xcc -I/Users/tanujd/dev/ambidash-qa/.qa-derived-mac-adhoc/Build/Products/Release/include -Xcc -I/Users/tanujd/dev/ambidash-qa/.qa-derived-mac-adhoc/Build/Intermediates.noindex/ambidash.build/Release/ambidash-mac.build/DerivedSources-normal/arm64 -Xcc -I/Users/tanujd/dev/ambidash-qa/.qa-derived-mac-adhoc/Build/Intermediates.noindex/ambidash.build/Release/ambidash-mac.build/DerivedSources/arm64 -Xcc -I/Users/tanujd/dev/ambidash-qa/.qa-derived-mac-adhoc/Build/Intermediates.noindex/ambidash.build/Release/ambidash-mac.build/DerivedSources -emit-objc-header -emit-objc-header-path /Users/tanujd/dev/ambidash-qa/.qa-derived-mac-adhoc/Build/Intermediates.noindex/ambidash.build/Release/ambidash-mac.build/Objects-normal/arm64/ambidash_mac-Swift.h -working-directory /Users/tanujd/dev/ambidash-qa -no-emit-module-separately-wmo

SwiftDriver\ Compilation ambidash-mac normal arm64 com.apple.xcode.tools.swift.compiler (in target 'ambidash-mac' from project 'ambidash')
    cd /Users/tanujd/dev/ambidash-qa
    builtin-Swift-Compilation -- /Applications/Xcode.app/Contents/Developer/Toolchains/XcodeDefault.xctoolchain/usr/bin/swiftc -module-name ambidash_mac -O -whole-module-optimization @/Users/tanujd/dev/ambidash-qa/.qa-derived-mac-adhoc/Build/Intermediates.noindex/ambidash.build/Release/ambidash-mac.build/Objects-normal/arm64/ambidash-mac.SwiftFileList -enable-experimental-feature DebugDescriptionMacro -sdk /Applications/Xcode.app/Contents/Developer/Platforms/MacOSX.platform/Developer/SDKs/MacOSX26.5.sdk -target arm64-apple-macos14.0 -g -module-cache-path /Users/tanujd/dev/ambidash-qa/.qa-derived-mac-adhoc/ModuleCache.noindex -Xfrontend -serialize-debugging-options -swift-version 6 -I /Users/tanujd/dev/ambidash-qa/.qa-derived-mac-adhoc/Build/Products/Release -F /Users/tanujd/dev/ambidash-qa/.qa-derived-mac-adhoc/Build/Products/Release -emit-localized-strings -emit-localized-strings-path /Users/tanujd/dev/ambidash-qa/.qa-derived-mac-adhoc/Build/Intermediates.noindex/ambidash.build/Release/ambidash-mac.build/Objects-normal/arm64 -c -num-threads 10 -Xcc -ivfsstatcache -Xcc /Users/tanujd/dev/ambidash-qa/.qa-derived-mac-adhoc/SDKStatCaches.noindex/macosx26.5-25F70-e082c4a02f00227109f4ed75e425c832.sdkstatcache -output-file-map /Users/tanujd/dev/ambidash-qa/.qa-derived-mac-adhoc/Build/Intermediates.noindex/ambidash.build/Release/ambidash-mac.build/Objects-normal/arm64/ambidash-mac-OutputFileMap.json -use-frontend-parseable-output -save-temps -no-color-diagnostics -explicit-module-build -module-cache-path /Users/tanujd/dev/ambidash-qa/.qa-derived-mac-adhoc/Build/Intermediates.noindex/SwiftExplicitPrecompiledModules -clang-scanner-module-cache-path /Users/tanujd/dev/ambidash-qa/.qa-derived-mac-adhoc/ModuleCache.noindex -sdk-module-cache-path /Users/tanujd/dev/ambidash-qa/.qa-derived-mac-adhoc/ModuleCache.noindex -serialize-diagnostics -emit-dependencies -emit-module -emit-module-path /Users/tanujd/dev/ambidash-qa/.qa-derived-mac-adhoc/Build/Intermediates.noindex/ambidash.build/Release/ambidash-mac.build/Objects-normal/arm64/ambidash_mac.swiftmodule -validate-clang-modules-once -clang-build-session-file /Users/tanujd/dev/ambidash-qa/.qa-derived-mac-adhoc/ModuleCache.noindex/Session.modulevalidation -Xcc -I/Users/tanujd/dev/ambidash-qa/.qa-derived-mac-adhoc/Build/Intermediates.noindex/ambidash.build/Release/ambidash-mac.build/swift-overrides.hmap -emit-const-values -Xfrontend -const-gather-protocols-file -Xfrontend /Users/tanujd/dev/ambidash-qa/.qa-derived-mac-adhoc/Build/Intermediates.noindex/ambidash.build/Release/ambidash-mac.build/Objects-normal/arm64/ambidash-mac_const_extract_protocols.json -Xcc -iquote -Xcc /Users/tanujd/dev/ambidash-qa/.qa-derived-mac-adhoc/Build/Intermediates.noindex/ambidash.build/Release/ambidash-mac.build/ambidash-mac-generated-files.hmap -Xcc -I/Users/tanujd/dev/ambidash-qa/.qa-derived-mac-adhoc/Build/Intermediates.noindex/ambidash.build/Release/ambidash-mac.build/ambidash-mac-own-target-headers.hmap -Xcc -I/Users/tanujd/dev/ambidash-qa/.qa-derived-mac-adhoc/Build/Intermediates.noindex/ambidash.build/Release/ambidash-mac.build/ambidash-mac-all-target-headers.hmap -Xcc -iquote -Xcc /Users/tanujd/dev/ambidash-qa/.qa-derived-mac-adhoc/Build/Intermediates.noindex/ambidash.build/Release/ambidash-mac.build/ambidash-mac-project-headers.hmap -Xcc -I/Users/tanujd/dev/ambidash-qa/.qa-derived-mac-adhoc/Build/Products/Release/include -Xcc -I/Users/tanujd/dev/ambidash-qa/.qa-derived-mac-adhoc/Build/Intermediates.noindex/ambidash.build/Release/ambidash-mac.build/DerivedSources-normal/arm64 -Xcc -I/Users/tanujd/dev/ambidash-qa/.qa-derived-mac-adhoc/Build/Intermediates.noindex/ambidash.build/Release/ambidash-mac.build/DerivedSources/arm64 -Xcc -I/Users/tanujd/dev/ambidash-qa/.qa-derived-mac-adhoc/Build/Intermediates.noindex/ambidash.build/Release/ambidash-mac.build/DerivedSources -emit-objc-header -emit-objc-header-path /Users/tanujd/dev/ambidash-qa/.qa-derived-mac-adhoc/Build/Intermediates.noindex/ambidash.build/Release/ambidash-mac.build/Objects-normal/arm64/ambidash_mac-Swift.h -working-directory /Users/tanujd/dev/ambidash-qa -no-emit-module-separately-wmo

SwiftExplicitDependencyGeneratePcm arm64 /Users/tanujd/dev/ambidash-qa/.qa-derived-mac-adhoc/ModuleCache.noindex/_AvailabilityInternal-ADEU4N5FYP2UE13D3UEIV291A.pcm

SwiftExplicitDependencyGeneratePcm arm64 /Users/tanujd/dev/ambidash-qa/.qa-derived-mac-adhoc/ModuleCache.noindex/SwiftShims-9GTRPHFMTPZA2N1GNQ4LI1QBW.pcm

SwiftExplicitDependencyGeneratePcm arm64 /Users/tanujd/dev/ambidash-qa/.qa-derived-mac-adhoc/ModuleCache.noindex/DeveloperToolsSupport-BZ1PA6FB2ME7BWQ72EC7PFQSZ.pcm

SwiftExplicitDependencyGeneratePcm arm64 /Users/tanujd/dev/ambidash-qa/.qa-derived-mac-adhoc/ModuleCache.noindex/_Builtin_stdbool-5SLH2JPYLCND30C5YGZJWUL06.pcm

SwiftExplicitDependencyGeneratePcm arm64 /Users/tanujd/dev/ambidash-qa/.qa-derived-mac-adhoc/ModuleCache.noindex/_Builtin_stddef-4XAOWAV6W9QUD0OOZXZDYN0QL.pcm

SwiftExplicitDependencyGeneratePcm arm64 /Users/tanujd/dev/ambidash-qa/.qa-derived-mac-adhoc/ModuleCache.noindex/_Builtin_float-AJXBXIJPYIGGP1RTOILR4J1F9.pcm

SwiftExplicitDependencyGeneratePcm arm64 /Users/tanujd/dev/ambidash-qa/.qa-derived-mac-adhoc/ModuleCache.noindex/ptrauth-1AREJYH9STTH322E40WRY8C8X.pcm

SwiftExplicitDependencyGeneratePcm arm64 /Users/tanujd/dev/ambidash-qa/.qa-derived-mac-adhoc/ModuleCache.noindex/_Builtin_stdarg-5G3KKEA279PJEQN5JJRW6V5XC.pcm

SwiftExplicitDependencyGeneratePcm arm64 /Users/tanujd/dev/ambidash-qa/.qa-derived-mac-adhoc/ModuleCache.noindex/_SwiftConcurrencyShims-U17KISLZMM51RKNK9RN03VIY.pcm

SwiftExplicitDependencyGeneratePcm arm64 /Users/tanujd/dev/ambidash-qa/.qa-derived-mac-adhoc/ModuleCache.noindex/ptrcheck-DJBJQOALX4RV81N8T6R8P0LYN.pcm

SwiftExplicitDependencyGeneratePcm arm64 /Users/tanujd/dev/ambidash-qa/.qa-derived-mac-adhoc/ModuleCache.noindex/_DarwinFoundation1-CQ6HHM4KBZMXRLFGJNFOZ7ZVY.pcm

SwiftExplicitDependencyGeneratePcm arm64 /Users/tanujd/dev/ambidash-qa/.qa-derived-mac-adhoc/ModuleCache.noindex/_Builtin_limits-44HQKNF41P3FGQ9VSX3CEH79C.pcm

SwiftExplicitDependencyGeneratePcm arm64 /Users/tanujd/dev/ambidash-qa/.qa-derived-mac-adhoc/ModuleCache.noindex/_DarwinFoundation2-AK72CQ6B6O8L33XC9P0VR78YS.pcm

SwiftExplicitDependencyGeneratePcm arm64 /Users/tanujd/dev/ambidash-qa/.qa-derived-mac-adhoc/ModuleCache.noindex/ExtensionFoundation-BZ1O3R7SW1AXC52BKROC5N08Z.pcm

SwiftExplicitDependencyGeneratePcm arm64 /Users/tanujd/dev/ambidash-qa/.qa-derived-mac-adhoc/ModuleCache.noindex/_Builtin_stdint-22WWAK9TBFVF5MTS1ESRO90SP.pcm

SwiftExplicitDependencyGeneratePcm arm64 /Users/tanujd/dev/ambidash-qa/.qa-derived-mac-adhoc/ModuleCache.noindex/_Builtin_tgmath-9HUC615N22Z1D3ZN9QE0P3VCO.pcm

SwiftExplicitDependencyGeneratePcm arm64 /Users/tanujd/dev/ambidash-qa/.qa-derived-mac-adhoc/ModuleCache.noindex/sys_types-2VK8RIPQKOABSI2B33HDIVPRC.pcm

SwiftExplicitDependencyGeneratePcm arm64 /Users/tanujd/dev/ambidash-qa/.qa-derived-mac-adhoc/ModuleCache.noindex/OpenGL-D24K6HCQLHFXQD65SXNQST7ND.pcm

SwiftExplicitDependencyGeneratePcm arm64 /Users/tanujd/dev/ambidash-qa/.qa-derived-mac-adhoc/ModuleCache.noindex/_Builtin_intrinsics-9Y5LO827ZSGUKI4LGD17ZOG95.pcm

SwiftExplicitDependencyGeneratePcm arm64 /Users/tanujd/dev/ambidash-qa/.qa-derived-mac-adhoc/ModuleCache.noindex/libDER-CY6OFSDHWYF5RESFB2EMIJDYL.pcm

SwiftExplicitDependencyGeneratePcm arm64 /Users/tanujd/dev/ambidash-qa/.qa-derived-mac-adhoc/ModuleCache.noindex/_Builtin_stdatomic-8K3OCETYQP5WD1VHGXTAV34EO.pcm

SwiftExplicitDependencyGeneratePcm arm64 /Users/tanujd/dev/ambidash-qa/.qa-derived-mac-adhoc/ModuleCache.noindex/_DarwinFoundation3-733A5V7RFQZ47QBGMG8S74ZVR.pcm

SwiftExplicitDependencyGeneratePcm arm64 /Users/tanujd/dev/ambidash-qa/.qa-derived-mac-adhoc/ModuleCache.noindex/_Builtin_inttypes-9118B2T0Q94DXSV712C4B6BZW.pcm

SwiftExplicitDependencyGeneratePcm arm64 /Users/tanujd/dev/ambidash-qa/.qa-derived-mac-adhoc/ModuleCache.noindex/Darwin-6GXH918TS4IUJ95L89NEXPYPD.pcm

SwiftExplicitDependencyGeneratePcm arm64 /Users/tanujd/dev/ambidash-qa/.qa-derived-mac-adhoc/ModuleCache.noindex/simd-11GZBH3MRERXWJNX4U98WP84T.pcm

SwiftExplicitDependencyGeneratePcm arm64 /Users/tanujd/dev/ambidash-qa/.qa-derived-mac-adhoc/ModuleCache.noindex/MachO-9AOF0L2I0PYLGB5KNTYF4QWJZ.pcm

SwiftExplicitDependencyGeneratePcm arm64 /Users/tanujd/dev/ambidash-qa/.qa-derived-mac-adhoc/ModuleCache.noindex/libkern-9Y7MSR839NCITP6FY6BDZYPVO.pcm

SwiftExplicitDependencyGeneratePcm arm64 /Users/tanujd/dev/ambidash-qa/.qa-derived-mac-adhoc/ModuleCache.noindex/launch-BL4BQENOZTVAIDBD5XX93R0M7.pcm

SwiftExplicitDependencyGeneratePcm arm64 /Users/tanujd/dev/ambidash-qa/.qa-derived-mac-adhoc/ModuleCache.noindex/CUPS-52A02E3EPK1LXTD1HY4013L53.pcm

SwiftExplicitDependencyGeneratePcm arm64 /Users/tanujd/dev/ambidash-qa/.qa-derived-mac-adhoc/ModuleCache.noindex/ObjectiveC-COWX0N5AS8V3OPY6LOSEDDMX8.pcm

SwiftExplicitDependencyGeneratePcm arm64 /Users/tanujd/dev/ambidash-qa/.qa-derived-mac-adhoc/ModuleCache.noindex/Spatial-5IN9LC4PLY3OJYHOTJPFYD8XG.pcm

SwiftExplicitDependencyGeneratePcm arm64 /Users/tanujd/dev/ambidash-qa/.qa-derived-mac-adhoc/ModuleCache.noindex/os_object-EO9XFMBNZQBC78S98CWYX3INI.pcm

SwiftExplicitDependencyGeneratePcm arm64 /Users/tanujd/dev/ambidash-qa/.qa-derived-mac-adhoc/ModuleCache.noindex/os_workgroup-D9E1PYD30D2LC11RSBMC2WCOD.pcm

SwiftExplicitDependencyGeneratePcm arm64 /Users/tanujd/dev/ambidash-qa/.qa-derived-mac-adhoc/ModuleCache.noindex/Dispatch-8R73ZFPT7NEM0NXSCUTMR6W8G.pcm

SwiftExplicitDependencyGeneratePcm arm64 /Users/tanujd/dev/ambidash-qa/.qa-derived-mac-adhoc/ModuleCache.noindex/CoreFoundation-9W7LVZ7Z11TNALLA1PWB314XN.pcm

SwiftExplicitDependencyGeneratePcm arm64 /Users/tanujd/dev/ambidash-qa/.qa-derived-mac-adhoc/ModuleCache.noindex/dnssd-BL6UWS8KBE6EFHUBI4I7XAJZB.pcm

SwiftExplicitDependencyGeneratePcm arm64 /Users/tanujd/dev/ambidash-qa/.qa-derived-mac-adhoc/ModuleCache.noindex/XPC-1HDU4GV5NI8MHW9JAKFI4N1AF.pcm

SwiftExplicitDependencyGeneratePcm arm64 /Users/tanujd/dev/ambidash-qa/.qa-derived-mac-adhoc/ModuleCache.noindex/os-P3L4U902N7MCKSCERRKXJIQ2.pcm

SwiftExplicitDependencyGeneratePcm arm64 /Users/tanujd/dev/ambidash-qa/.qa-derived-mac-adhoc/ModuleCache.noindex/IOKit-1XDT5OWK63AAS00VMCG8AUIJ1.pcm

SwiftExplicitDependencyGeneratePcm arm64 /Users/tanujd/dev/ambidash-qa/.qa-derived-mac-adhoc/ModuleCache.noindex/CoreAudioTypes-9ZSE5Y4PZUJP2WIJWRWE1WT7W.pcm

SwiftExplicitDependencyGeneratePcm arm64 /Users/tanujd/dev/ambidash-qa/.qa-derived-mac-adhoc/ModuleCache.noindex/CFNetwork-FA1AQUKKXV50O9250YRG4A95.pcm

SwiftExplicitDependencyGeneratePcm arm64 /Users/tanujd/dev/ambidash-qa/.qa-derived-mac-adhoc/ModuleCache.noindex/Security-4OSS3C967PTHPTW777KLMD04H.pcm

SwiftExplicitDependencyGeneratePcm arm64 /Users/tanujd/dev/ambidash-qa/.qa-derived-mac-adhoc/ModuleCache.noindex/ColorSync-97WR57JHJBRUMYR0A09Q7ZRMD.pcm

SwiftExplicitDependencyGeneratePcm arm64 /Users/tanujd/dev/ambidash-qa/.qa-derived-mac-adhoc/ModuleCache.noindex/CoreGraphics-RYGO0QUFGR5VLQNV6ZXQQ8XD.pcm

SwiftExplicitDependencyGeneratePcm arm64 /Users/tanujd/dev/ambidash-qa/.qa-derived-mac-adhoc/ModuleCache.noindex/DiskArbitration-GH9ZO1DT4RQT6SVH7RNNS968.pcm

SwiftExplicitDependencyGeneratePcm arm64 /Users/tanujd/dev/ambidash-qa/.qa-derived-mac-adhoc/ModuleCache.noindex/CoreServices-4TUUCB55E1S4UP0M8PBXWLDKT.pcm

SwiftExplicitDependencyGeneratePcm arm64 /Users/tanujd/dev/ambidash-qa/.qa-derived-mac-adhoc/ModuleCache.noindex/CoreText-4CLJAY7MLA6RFJY1MQJ8GMR4V.pcm

SwiftExplicitDependencyGeneratePcm arm64 /Users/tanujd/dev/ambidash-qa/.qa-derived-mac-adhoc/ModuleCache.noindex/ImageIO-5YN7IPPOK7AUKS2DDDR0N5YCC.pcm

SwiftExplicitDependencyGeneratePcm arm64 /Users/tanujd/dev/ambidash-qa/.qa-derived-mac-adhoc/ModuleCache.noindex/Foundation-3A2NC99IO6HQIK9AU7KPRBZ45.pcm

SwiftExplicitDependencyGeneratePcm arm64 /Users/tanujd/dev/ambidash-qa/.qa-derived-mac-adhoc/ModuleCache.noindex/Symbols-DOSKEBQB0QW5UU2GRY83K3BU2.pcm

SwiftExplicitDependencyGeneratePcm arm64 /Users/tanujd/dev/ambidash-qa/.qa-derived-mac-adhoc/ModuleCache.noindex/UniformTypeIdentifiers-2QJK9YT2V5YF34AMVXVZ7ND0C.pcm

SwiftExplicitDependencyGeneratePcm arm64 /Users/tanujd/dev/ambidash-qa/.qa-derived-mac-adhoc/ModuleCache.noindex/DataDetection-1Q1UT8289O82IGF0H88TUVUKK.pcm

SwiftExplicitDependencyGeneratePcm arm64 /Users/tanujd/dev/ambidash-qa/.qa-derived-mac-adhoc/ModuleCache.noindex/Accessibility-5KGIH10Y9KOVILX4KWA0J4DYK.pcm

SwiftExplicitDependencyGeneratePcm arm64 /Users/tanujd/dev/ambidash-qa/.qa-derived-mac-adhoc/ModuleCache.noindex/CoreMIDI-RRL119I9WEMD0JTXYCCQJGOO.pcm

SwiftExplicitDependencyGeneratePcm arm64 /Users/tanujd/dev/ambidash-qa/.qa-derived-mac-adhoc/ModuleCache.noindex/Network-4IPJ9Y5W1U0LBGAB72H26S3N8.pcm

SwiftExplicitDependencyGeneratePcm arm64 /Users/tanujd/dev/ambidash-qa/.qa-derived-mac-adhoc/ModuleCache.noindex/BackgroundAssets-F492TWP0V5E95O89I6RWFO3IE.pcm

SwiftExplicitDependencyGeneratePcm arm64 /Users/tanujd/dev/ambidash-qa/.qa-derived-mac-adhoc/ModuleCache.noindex/CoreAudio-2QZXVRY6NN66176TGVOEFBPJC.pcm

SwiftExplicitDependencyGeneratePcm arm64 /Users/tanujd/dev/ambidash-qa/.qa-derived-mac-adhoc/ModuleCache.noindex/CoreTransferable-6CLC71K0S4QKIWZP6D47NMNNH.pcm

SwiftExplicitDependencyGeneratePcm arm64 /Users/tanujd/dev/ambidash-qa/.qa-derived-mac-adhoc/ModuleCache.noindex/IOSurface-F3RMSOY09DO8JAT651FTLX3NP.pcm

SwiftExplicitDependencyGeneratePcm arm64 /Users/tanujd/dev/ambidash-qa/.qa-derived-mac-adhoc/ModuleCache.noindex/CoreData-8S5WPP8WS6ZQURRV63WP7O3EM.pcm

SwiftExplicitDependencyGeneratePcm arm64 /Users/tanujd/dev/ambidash-qa/.qa-derived-mac-adhoc/ModuleCache.noindex/ApplicationServices-90SU0NFTGEH3G52XX0MBJUAO6.pcm

SwiftExplicitDependencyGeneratePcm arm64 /Users/tanujd/dev/ambidash-qa/.qa-derived-mac-adhoc/ModuleCache.noindex/OSLog-6T95ATCNVQM702T76NBSAFO8W.pcm

SwiftExplicitDependencyGeneratePcm arm64 /Users/tanujd/dev/ambidash-qa/.qa-derived-mac-adhoc/ModuleCache.noindex/LocalAuthentication-8UAONRNMLXUJ3OGZA0LIYBOG8.pcm

SwiftExplicitDependencyGeneratePcm arm64 /Users/tanujd/dev/ambidash-qa/.qa-derived-mac-adhoc/ModuleCache.noindex/Metal-DV6A0EWMT4TUJALRWOHHNYVFK.pcm

SwiftExplicitDependencyGeneratePcm arm64 /Users/tanujd/dev/ambidash-qa/.qa-derived-mac-adhoc/ModuleCache.noindex/CoreSpotlight-7GW6XNE369XU2OJS1BBHD38NS.pcm

SwiftExplicitDependencyGeneratePcm arm64 /Users/tanujd/dev/ambidash-qa/.qa-derived-mac-adhoc/ModuleCache.noindex/Carbon-9P4U997DTBLBU8D6MVIDDAXD.pcm

SwiftExplicitDependencyGeneratePcm arm64 /Users/tanujd/dev/ambidash-qa/.qa-derived-mac-adhoc/ModuleCache.noindex/CoreVideo-9JW5Y1CLAMK0Y6EVVZNHAQZBD.pcm

SwiftExplicitDependencyGeneratePcm arm64 /Users/tanujd/dev/ambidash-qa/.qa-derived-mac-adhoc/ModuleCache.noindex/CoreML-3IEBCR9Z419CZLO6909SVMEAP.pcm

SwiftExplicitDependencyGeneratePcm arm64 /Users/tanujd/dev/ambidash-qa/.qa-derived-mac-adhoc/ModuleCache.noindex/QuartzCore-59VI2QGWQT7L7NFLKVXKXWKKW.pcm

SwiftExplicitDependencyGeneratePcm arm64 /Users/tanujd/dev/ambidash-qa/.qa-derived-mac-adhoc/ModuleCache.noindex/Accelerate-8OPN23WLQCPWDJSP7YK2LNZ86.pcm

SwiftExplicitDependencyGeneratePcm arm64 /Users/tanujd/dev/ambidash-qa/.qa-derived-mac-adhoc/ModuleCache.noindex/CoreImage-BBC65QS3GUS93RM1ZLD6IZF7T.pcm

SwiftExplicitDependencyGeneratePcm arm64 /Users/tanujd/dev/ambidash-qa/.qa-derived-mac-adhoc/ModuleCache.noindex/CoreMedia-2YGILJV24YZ6RS8MES8Q8O1F1.pcm

SwiftExplicitDependencyGeneratePcm arm64 /Users/tanujd/dev/ambidash-qa/.qa-derived-mac-adhoc/ModuleCache.noindex/AudioToolbox-1YDQQ2RS6O2WDR9VDGKVWV7UX.pcm

SwiftExplicitDependencyGeneratePcm arm64 /Users/tanujd/dev/ambidash-qa/.qa-derived-mac-adhoc/ModuleCache.noindex/SwiftUICore-8UVSQ27DKODD01CKY7EI8SU5I.pcm

SwiftExplicitDependencyGeneratePcm arm64 /Users/tanujd/dev/ambidash-qa/.qa-derived-mac-adhoc/ModuleCache.noindex/Vision-EHRJ2P4DQAA7OQTK1L36UGTP0.pcm

SwiftExplicitDependencyGeneratePcm arm64 /Users/tanujd/dev/ambidash-qa/.qa-derived-mac-adhoc/ModuleCache.noindex/AppKit-E5TLOSNVUMRXR4K9FYV5UYJ5W.pcm

SwiftExplicitDependencyGeneratePcm arm64 /Users/tanujd/dev/ambidash-qa/.qa-derived-mac-adhoc/ModuleCache.noindex/AVFAudio-6IUFUIKQ3ZAR1IA05PBVUSEVB.pcm

SwiftExplicitDependencyGeneratePcm arm64 /Users/tanujd/dev/ambidash-qa/.qa-derived-mac-adhoc/ModuleCache.noindex/MediaToolbox-CGDE20F6JDKV5YG4HMAFX9MQT.pcm

SwiftExplicitDependencyGeneratePcm arm64 /Users/tanujd/dev/ambidash-qa/.qa-derived-mac-adhoc/ModuleCache.noindex/AVFoundation-3QMFNO6CSPQ59MH27X5CEE0LG.pcm

SwiftExplicitDependencyGeneratePcm arm64 /Users/tanujd/dev/ambidash-qa/.qa-derived-mac-adhoc/ModuleCache.noindex/SwiftUI-9AXUXZ91JE7GX4JK6JXU9NIHR.pcm

SwiftExplicitDependencyGeneratePcm arm64 /Users/tanujd/dev/ambidash-qa/.qa-derived-mac-adhoc/ModuleCache.noindex/AuthenticationServices-H05GOPXB4Z6OSJ2ANEA6ZSIT.pcm

SwiftExplicitDependencyGeneratePcm arm64 /Users/tanujd/dev/ambidash-qa/.qa-derived-mac-adhoc/ModuleCache.noindex/StoreKit-3QRE675SO3HZYEWPIBIIMJV80.pcm

SwiftCompile normal arm64 Compiling\ AIConfig.swift,\ AIService.swift,\ ActualEvent.swift,\ AdherenceFormat.swift,\ AmbidashMacApp.swift,\ AmbidashTheme.swift,\ Animations.swift,\ AppLimitController.swift,\ AppModelContainer.swift,\ AssessmentQuestion.swift,\ Board.swift,\ BoardComponent.swift,\ BoardData.swift,\ BoardSeeder.swift,\ BoardTaxonomy.swift,\ BoardTemplate.swift,\ CaptureDecomposeService.swift,\ CaptureItem.swift,\ CaptureService.swift,\ CarryOverService.swift,\ ClosingRitualService.swift,\ ComponentConfig.swift,\ Components.swift,\ CompositeHistoryCalculator.swift,\ CoreAssessment.swift,\ DailyPlan.swift,\ DailyTimeline.swift,\ DataExportService.swift,\ DeepLink.swift,\ DictationService.swift,\ DimensionScoreCalculator.swift,\ DisruptionPhrasing.swift,\ DisruptionService.swift,\ DomainAssessment.swift,\ DomainAssessmentQuestions.swift,\ EmptyState.swift,\ EnergyCheckin.swift,\ ErrorLogger.swift,\ Goal.swift,\ GoalDomain.swift,\ GoalHealthService.swift,\ GoalHorizon.swift,\ GoalImportService.swift,\ GoalProgress.swift,\ GoalProgressTracker.swift,\ GoalRecurrence.swift,\ GoalStatus.swift,\ GoalType.swift,\ GoalTypeInferenceService.swift,\ Haptics.swift,\ HardModeService.swift,\ IntegrationSnapshot.swift,\ LearningService.swift,\ LifeDimension.swift,\ LiveActivityService.swift,\ MacCaptureView.swift,\ MacComponents.swift,\ MacDashboardView.swift,\ MacGoalsView.swift,\ MacMentorView.swift,\ MacReflectView.swift,\ MacRootView.swift,\ MacSettingsView.swift,\ MacTodayView.swift,\ MentorFeedback.swift,\ MentorPromptBuilder.swift,\ MetricDirection.swift,\ Milestone.swift,\ MilestoneGenerator.swift,\ MilestonePeriod.swift,\ MilestoneProgressService.swift,\ MotionPreference.swift,\ MultiDayPlannerService.swift,\ NetworkMonitor.swift,\ NotionService.swift,\ OCRService.swift,\ ObsidianService.swift,\ PatternCheckInPhrasing.swift,\ PatternCheckInService.swift,\ PlanFormat.swift,\ PlanGenerator.swift,\ PlannedAction.swift,\ PremiumGateService.swift,\ ProgressLog.swift,\ ProgressLogService.swift,\ ProgressLogSource.swift,\ PulseScoreCalculator.swift,\ QRCode.swift,\ ReferralService.swift,\ Reflection.swift,\ ReflectionPhoto.swift,\ RestBankService.swift,\ ScaffoldingService.swift,\ ScoreBreakdown.swift,\ ShimmerView.swift,\ SkipAnalysisService.swift,\ SlotScheduler.swift,\ SnapshotBuilder.swift,\ SpotlightService.swift,\ Streak.swift,\ StreakService.swift,\ SubscriptionService.swift,\ SupabaseConfig.swift,\ SupabaseService.swift,\ SyncService.swift,\ TargetMath.swift,\ UITestSupport.swift,\ UserPreferences.swift,\ UserProfile.swift,\ WakeTracker.swift,\ WeeklyPlanService.swift,\ WinsService.swift,\ WorkStylePreference.swift,\ RestrictionModels.swift,\ RestrictionScheduleService.swift,\ AccountabilityModels.swift,\ CustomVital.swift,\ DisruptionService+Adaptive.swift,\ PatternCheckInService+Adaptive.swift,\ LearningService+ActivityDigest.swift,\ AdaptiveScheduling.swift,\ ActivityInsights.swift,\ GeneratedAssetSymbols.swift /Users/tanujd/dev/ambidash-qa/ambidash/Services/AIConfig.swift /Users/tanujd/dev/ambidash-qa/ambidash/Services/AIService.swift /Users/tanujd/dev/ambidash-qa/ambidash/Models/ActualEvent.swift /Users/tanujd/dev/ambidash-qa/ambidash/Utilities/AdherenceFormat.swift /Users/tanujd/dev/ambidash-qa/ambidash-mac/App/AmbidashMacApp.swift /Users/tanujd/dev/ambidash-qa/ambidash/Theme/AmbidashTheme.swift /Users/tanujd/dev/ambidash-qa/ambidash/Theme/Animations.swift /Users/tanujd/dev/ambidash-qa/ambidash/Services/AppLimitController.swift /Users/tanujd/dev/ambidash-qa/ambidash/App/AppModelContainer.swift /Users/tanujd/dev/ambidash-qa/ambidash/Utilities/AssessmentQuestion.swift /Users/tanujd/dev/ambidash-qa/ambidash/Models/Board.swift /Users/tanujd/dev/ambidash-qa/ambidash/Models/BoardComponent.swift /Users/tanujd/dev/ambidash-qa/ambidash/Models/BoardData.swift /Users/tanujd/dev/ambidash-qa/ambidash/Services/BoardSeeder.swift /Users/tanujd/dev/ambidash-qa/ambidash/Models/BoardTaxonomy.swift /Users/tanujd/dev/ambidash-qa/ambidash/Services/BoardTemplate.swift /Users/tanujd/dev/ambidash-qa/ambidash/Services/CaptureDecomposeService.swift /Users/tanujd/dev/ambidash-qa/ambidash/Models/CaptureItem.swift /Users/tanujd/dev/ambidash-qa/ambidash/Services/CaptureService.swift /Users/tanujd/dev/ambidash-qa/ambidash/Services/CarryOverService.swift /Users/tanujd/dev/ambidash-qa/ambidash/Services/ClosingRitualService.swift /Users/tanujd/dev/ambidash-qa/ambidash/Models/ComponentConfig.swift /Users/tanujd/dev/ambidash-qa/ambidash/Theme/Components.swift /Users/tanujd/dev/ambidash-qa/ambidash/Services/CompositeHistoryCalculator.swift /Users/tanujd/dev/ambidash-qa/ambidash/Models/CoreAssessment.swift /Users/tanujd/dev/ambidash-qa/ambidash/Models/DailyPlan.swift /Users/tanujd/dev/ambidash-qa/ambidash/Services/DailyTimeline.swift /Users/tanujd/dev/ambidash-qa/ambidash/Services/DataExportService.swift /Users/tanujd/dev/ambidash-qa/ambidash/Utilities/DeepLink.swift /Users/tanujd/dev/ambidash-qa/ambidash/Services/DictationService.swift /Users/tanujd/dev/ambidash-qa/ambidash/Services/DimensionScoreCalculator.swift /Users/tanujd/dev/ambidash-qa/ambidash/Services/DisruptionPhrasing.swift /Users/tanujd/dev/ambidash-qa/ambidash/Services/DisruptionService.swift /Users/tanujd/dev/ambidash-qa/ambidash/Models/DomainAssessment.swift /Users/tanujd/dev/ambidash-qa/ambidash/Utilities/DomainAssessmentQuestions.swift /Users/tanujd/dev/ambidash-qa/ambidash/Theme/EmptyState.swift /Users/tanujd/dev/ambidash-qa/ambidash/Models/EnergyCheckin.swift /Users/tanujd/dev/ambidash-qa/ambidash/Services/ErrorLogger.swift /Users/tanujd/dev/ambidash-qa/ambidash/Models/Goal.swift /Users/tanujd/dev/ambidash-qa/ambidash/Utilities/GoalDomain.swift /Users/tanujd/dev/ambidash-qa/ambidash/Services/GoalHealthService.swift /Users/tanujd/dev/ambidash-qa/ambidash/Utilities/GoalHorizon.swift /Users/tanujd/dev/ambidash-qa/ambidash/Services/GoalImportService.swift /Users/tanujd/dev/ambidash-qa/ambidash/Models/GoalProgress.swift /Users/tanujd/dev/ambidash-qa/ambidash/Services/GoalProgressTracker.swift /Users/tanujd/dev/ambidash-qa/ambidash/Utilities/GoalRecurrence.swift /Users/tanujd/dev/ambidash-qa/ambidash/Utilities/GoalStatus.swift /Users/tanujd/dev/ambidash-qa/ambidash/Utilities/GoalType.swift /Users/tanujd/dev/ambidash-qa/ambidash/Services/GoalTypeInferenceService.swift /Users/tanujd/dev/ambidash-qa/ambidash/Utilities/Haptics.swift /Users/tanujd/dev/ambidash-qa/ambidash/Services/HardModeService.swift /Users/tanujd/dev/ambidash-qa/ambidash/Models/IntegrationSnapshot.swift /Users/tanujd/dev/ambidash-qa/ambidash/Services/LearningService.swift /Users/tanujd/dev/ambidash-qa/ambidash/Utilities/LifeDimension.swift /Users/tanujd/dev/ambidash-qa/ambidash/Services/LiveActivityService.swift /Users/tanujd/dev/ambidash-qa/ambidash-mac/Views/MacCaptureView.swift /Users/tanujd/dev/ambidash-qa/ambidash-mac/Views/MacComponents.swift /Users/tanujd/dev/ambidash-qa/ambidash-mac/Views/MacDashboardView.swift /Users/tanujd/dev/ambidash-qa/ambidash-mac/Views/MacGoalsView.swift /Users/tanujd/dev/ambidash-qa/ambidash-mac/Views/MacMentorView.swift /Users/tanujd/dev/ambidash-qa/ambidash-mac/Views/MacReflectView.swift /Users/tanujd/dev/ambidash-qa/ambidash-mac/App/MacRootView.swift /Users/tanujd/dev/ambidash-qa/ambidash-mac/Views/MacSettingsView.swift /Users/tanujd/dev/ambidash-qa/ambidash-mac/Views/MacTodayView.swift /Users/tanujd/dev/ambidash-qa/ambidash/Models/MentorFeedback.swift /Users/tanujd/dev/ambidash-qa/ambidash/Services/MentorPromptBuilder.swift /Users/tanujd/dev/ambidash-qa/ambidash/Utilities/MetricDirection.swift /Users/tanujd/dev/ambidash-qa/ambidash/Models/Milestone.swift /Users/tanujd/dev/ambidash-qa/ambidash/Services/MilestoneGenerator.swift /Users/tanujd/dev/ambidash-qa/ambidash/Utilities/MilestonePeriod.swift /Users/tanujd/dev/ambidash-qa/ambidash/Services/MilestoneProgressService.swift /Users/tanujd/dev/ambidash-qa/ambidash/Utilities/MotionPreference.swift /Users/tanujd/dev/ambidash-qa/ambidash/Services/MultiDayPlannerService.swift /Users/tanujd/dev/ambidash-qa/ambidash/Services/NetworkMonitor.swift /Users/tanujd/dev/ambidash-qa/ambidash/Services/NotionService.swift /Users/tanujd/dev/ambidash-qa/ambidash/Services/OCRService.swift /Users/tanujd/dev/ambidash-qa/ambidash/Services/ObsidianService.swift /Users/tanujd/dev/ambidash-qa/ambidash/Services/PatternCheckInPhrasing.swift /Users/tanujd/dev/ambidash-qa/ambidash/Services/PatternCheckInService.swift /Users/tanujd/dev/ambidash-qa/ambidash/Utilities/PlanFormat.swift /Users/tanujd/dev/ambidash-qa/ambidash/Services/PlanGenerator.swift /Users/tanujd/dev/ambidash-qa/ambidash/Models/PlannedAction.swift /Users/tanujd/dev/ambidash-qa/ambidash/Services/PremiumGateService.swift /Users/tanujd/dev/ambidash-qa/ambidash/Models/ProgressLog.swift /Users/tanujd/dev/ambidash-qa/ambidash/Services/ProgressLogService.swift /Users/tanujd/dev/ambidash-qa/ambidash/Utilities/ProgressLogSource.swift /Users/tanujd/dev/ambidash-qa/ambidash/Services/PulseScoreCalculator.swift /Users/tanujd/dev/ambidash-qa/ambidash/Utilities/QRCode.swift /Users/tanujd/dev/ambidash-qa/ambidash/Services/ReferralService.swift /Users/tanujd/dev/ambidash-qa/ambidash/Models/Reflection.swift /Users/tanujd/dev/ambidash-qa/ambidash/Models/ReflectionPhoto.swift /Users/tanujd/dev/ambidash-qa/ambidash/Services/RestBankService.swift /Users/tanujd/dev/ambidash-qa/ambidash/Services/ScaffoldingService.swift /Users/tanujd/dev/ambidash-qa/ambidash/Services/ScoreBreakdown.swift /Users/tanujd/dev/ambidash-qa/ambidash/Theme/ShimmerView.swift /Users/tanujd/dev/ambidash-qa/ambidash/Services/SkipAnalysisService.swift /Users/tanujd/dev/ambidash-qa/ambidash/Services/SlotScheduler.swift /Users/tanujd/dev/ambidash-qa/ambidash/Services/SnapshotBuilder.swift /Users/tanujd/dev/ambidash-qa/ambidash/Services/SpotlightService.swift /Users/tanujd/dev/ambidash-qa/ambidash/Models/Streak.swift /Users/tanujd/dev/ambidash-qa/ambidash/Services/StreakService.swift /Users/tanujd/dev/ambidash-qa/ambidash/Services/SubscriptionService.swift /Users/tanujd/dev/ambidash-qa/ambidash/Services/SupabaseConfig.swift /Users/tanujd/dev/ambidash-qa/ambidash/Services/SupabaseService.swift /Users/tanujd/dev/ambidash-qa/ambidash/Services/SyncService.swift /Users/tanujd/dev/ambidash-qa/ambidash/Services/TargetMath.swift /Users/tanujd/dev/ambidash-qa/ambidash/App/UITestSupport.swift /Users/tanujd/dev/ambidash-qa/ambidash/Models/UserPreferences.swift /Users/tanujd/dev/ambidash-qa/ambidash/Models/UserProfile.swift /Users/tanujd/dev/ambidash-qa/ambidash/Services/WakeTracker.swift /Users/tanujd/dev/ambidash-qa/ambidash/Services/WeeklyPlanService.swift /Users/tanujd/dev/ambidash-qa/ambidash/Services/WinsService.swift /Users/tanujd/dev/ambidash-qa/ambidash/Models/WorkStylePreference.swift /Users/tanujd/dev/ambidash-qa/ambidash/Models/RestrictionModels.swift /Users/tanujd/dev/ambidash-qa/ambidash/Services/RestrictionScheduleService.swift /Users/tanujd/dev/ambidash-qa/ambidash/Models/AccountabilityModels.swift /Users/tanujd/dev/ambidash-qa/ambidash/Models/CustomVital.swift /Users/tanujd/dev/ambidash-qa/ambidash/Services/DisruptionService+Adaptive.swift /Users/tanujd/dev/ambidash-qa/ambidash/Services/PatternCheckInService+Adaptive.swift /Users/tanujd/dev/ambidash-qa/ambidash/Services/LearningService+ActivityDigest.swift /Users/tanujd/dev/ambidash-qa/ambidash/Services/AdaptiveScheduling.swift /Users/tanujd/dev/ambidash-qa/ambidash/Services/ActivityInsights.swift /Users/tanujd/dev/ambidash-qa/.qa-derived-mac-adhoc/Build/Intermediates.noindex/ambidash.build/Release/ambidash-mac.build/DerivedSources/GeneratedAssetSymbols.swift /Applications/Xcode.app/Contents/Developer/Toolchains/XcodeDefault.xctoolchain/usr/lib/swift/macosx/prebuilt-modules/26.5/CoreText.swiftmodule/arm64e-apple-macos.swiftmodule /Applications/Xcode.app/Contents/Developer/Toolchains/XcodeDefault.xctoolchain/usr/lib/swift/macosx/prebuilt-modules/26.5/CoreMedia.swiftmodule/arm64e-apple-macos.swiftmodule /Applications/Xcode.app/Contents/Developer/Toolchains/XcodeDefault.xctoolchain/usr/lib/swift/macosx/prebuilt-modules/26.5/CoreAudio.swiftmodule/arm64e-apple-macos.swiftmodule /Applications/Xcode.app/Contents/Developer/Toolchains/XcodeDefault.xctoolchain/usr/lib/swift/macosx/prebuilt-modules/26.5/SwiftUI.swiftmodule/arm64e-apple-macos.swiftmodule /Applications/Xcode.app/Contents/Developer/Toolchains/XcodeDefault.xctoolchain/usr/lib/swift/macosx/prebuilt-modules/26.5/ExtensionFoundation.swiftmodule/arm64e-apple-macos.swiftmodule /Applications/Xcode.app/Contents/Developer/Toolchains/XcodeDefault.xctoolchain/usr/lib/swift/macosx/prebuilt-modules/26.5/_DarwinFoundation2.swiftmodule/arm64e-apple-macos.swiftmodule /Applications/Xcode.app/Contents/Developer/Toolchains/XcodeDefault.xctoolchain/usr/lib/swift/macosx/prebuilt-modules/26.5/Network.swiftmodule/arm64e-apple-macos.swiftmodule /Applications/Xcode.app/Contents/Developer/Toolchains/XcodeDefault.xctoolchain/usr/lib/swift/macosx/prebuilt-modules/26.5/AuthenticationServices.swiftmodule/arm64e-apple-macos.swiftmodule /Applications/Xcode.app/Contents/Developer/Toolchains/XcodeDefault.xctoolchain/usr/lib/swift/macosx/prebuilt-modules/26.5/CoreFoundation.swiftmodule/arm64e-apple-macos.swiftmodule /Applications/Xcode.app/Contents/Developer/Toolchains/XcodeDefault.xctoolchain/usr/lib/swift/macosx/prebuilt-modules/26.5/OSLog.swiftmodule/arm64e-apple-macos.swiftmodule /Applications/Xcode.app/Contents/Developer/Toolchains/XcodeDefault.xctoolchain/usr/lib/swift/macosx/prebuilt-modules/26.5/CoreTransferable.swiftmodule/arm64e-apple-macos.swiftmodule /Applications/Xcode.app/Contents/Developer/Toolchains/XcodeDefault.xctoolchain/usr/lib/swift/macosx/prebuilt-modules/26.5/DeveloperToolsSupport.swiftmodule/arm64e-apple-macos.swiftmodule /Applications/Xcode.app/Contents/Developer/Toolchains/XcodeDefault.xctoolchain/usr/lib/swift/macosx/prebuilt-modules/26.5/Metal.swiftmodule/arm64e-apple-macos.swiftmodule /Applications/Xcode.app/Contents/Developer/Toolchains/XcodeDefault.xctoolchain/usr/lib/swift/macosx/prebuilt-modules/26.5/BackgroundAssets.swiftmodule/arm64e-apple-macos.swiftmodule /Applications/Xcode.app/Contents/Developer/Toolchains/XcodeDefault.xctoolchain/usr/lib/swift/macosx/prebuilt-modules/26.5/CoreData.swiftmodule/arm64e-apple-macos.swiftmodule /Applications/Xcode.app/Contents/Developer/Toolchains/XcodeDefault.xctoolchain/usr/lib/swift/macosx/prebuilt-modules/26.5/AudioToolbox.swiftmodule/arm64e-apple-macos.swiftmodule /Applications/Xcode.app/Contents/Developer/Toolchains/XcodeDefault.xctoolchain/usr/lib/swift/macosx/prebuilt-modules/26.5/CoreVideo.swiftmodule/arm64e-apple-macos.swiftmodule /Applications/Xcode.app/Contents/Developer/Toolchains/XcodeDefault.xctoolchain/usr/lib/swift/macosx/prebuilt-modules/26.5/Darwin.swiftmodule/arm64e-apple-macos.swiftmodule /Applications/Xcode.app/Contents/Developer/Toolchains/XcodeDefault.xctoolchain/usr/lib/swift/macosx/prebuilt-modules/26.5/CoreML.swiftmodule/arm64e-apple-macos.swiftmodule /Applications/Xcode.app/Contents/Developer/Toolchains/XcodeDefault.xctoolchain/usr/lib/swift/macosx/prebuilt-modules/26.5/AVFoundation.swiftmodule/arm64e-apple-macos.swiftmodule /Applications/Xcode.app/Contents/Developer/Toolchains/XcodeDefault.xctoolchain/usr/lib/swift/macosx/prebuilt-modules/26.5/Accelerate.swiftmodule/arm64e-apple-macos.swiftmodule /Applications/Xcode.app/Contents/Developer/Toolchains/XcodeDefault.xctoolchain/usr/lib/swift/macosx/prebuilt-modules/26.5/Foundation.swiftmodule/arm64e-apple-macos.swiftmodule /Applications/Xcode.app/Contents/Developer/Toolchains/XcodeDefault.xctoolchain/usr/lib/swift/macosx/prebuilt-modules/26.5/LocalAuthentication.swiftmodule/arm64e-apple-macos.swiftmodule /Applications/Xcode.app/Contents/Developer/Toolchains/XcodeDefault.xctoolchain/usr/lib/swift/macosx/prebuilt-modules/26.5/_SwiftData_SwiftUI.swiftmodule/arm64e-apple-macos.swiftmodule /Applications/Xcode.app/Contents/Developer/Toolchains/XcodeDefault.xctoolchain/usr/lib/swift/macosx/prebuilt-modules/26.5/CoreMIDI.swiftmodule/arm64e-apple-macos.swiftmodule /Applications/Xcode.app/Contents/Developer/Toolchains/XcodeDefault.xctoolchain/usr/lib/swift/macosx/prebuilt-modules/26.5/os.swiftmodule/arm64e-apple-macos.swiftmodule /Applications/Xcode.app/Contents/Developer/Toolchains/XcodeDefault.xctoolchain/usr/lib/swift/macosx/prebuilt-modules/26.5/UniformTypeIdentifiers.swiftmodule/arm64e-apple-macos.swiftmodule /Applications/Xcode.app/Contents/Developer/Toolchains/XcodeDefault.xctoolchain/usr/lib/swift/macosx/prebuilt-modules/26.5/simd.swiftmodule/arm64e-apple-macos.swiftmodule /Applications/Xcode.app/Contents/Developer/Toolchains/XcodeDefault.xctoolchain/usr/lib/swift/macosx/prebuilt-modules/26.5/LightweightCodeRequirements.swiftmodule/arm64e-apple-macos.swiftmodule /Applications/Xcode.app/Contents/Developer/Toolchains/XcodeDefault.xctoolchain/usr/lib/swift/macosx/prebuilt-modules/26.5/CryptoKit.swiftmodule/arm64e-apple-macos.swiftmodule /Applications/Xcode.app/Contents/Developer/Toolchains/XcodeDefault.xctoolchain/usr/lib/swift/macosx/prebuilt-modules/26.5/Synchronization.swiftmodule/arm64e-apple-macos.swiftmodule /Applications/Xcode.app/Contents/Developer/Toolchains/XcodeDefault.xctoolchain/usr/lib/swift/macosx/prebuilt-modules/26.5/Dispatch.swiftmodule/arm64e-apple-macos.swiftmodule /Applications/Xcode.app/Contents/Developer/Toolchains/XcodeDefault.xctoolchain/usr/lib/swift/macosx/prebuilt-modules/26.5/_Builtin_float.swiftmodule/arm64e-apple-macos.swiftmodule /Applications/Xcode.app/Contents/Developer/Toolchains/XcodeDefault.xctoolchain/usr/lib/swift/macosx/prebuilt-modules/26.5/ObjectiveC.swiftmodule/arm64e-apple-macos.swiftmodule /Applications/Xcode.app/Contents/Developer/Toolchains/XcodeDefault.xctoolchain/usr/lib/swift/macosx/prebuilt-modules/26.5/Vision.swiftmodule/arm64e-apple-macos.swiftmodule /Applications/Xcode.app/Contents/Developer/Toolchains/XcodeDefault.xctoolchain/usr/lib/swift/macosx/prebuilt-modules/26.5/FoundationModels.swiftmodule/arm64e-apple-macos.swiftmodule /Applications/Xcode.app/Contents/Developer/Toolchains/XcodeDefault.xctoolchain/usr/lib/swift/macosx/prebuilt-modules/26.5/Distributed.swiftmodule/arm64e-apple-macos.swiftmodule /Applications/Xcode.app/Contents/Developer/Toolchains/XcodeDefault.xctoolchain/usr/lib/swift/macosx/prebuilt-modules/26.5/Swift.swiftmodule/arm64e-apple-macos.swiftmodule /Applications/Xcode.app/Contents/Developer/Toolchains/XcodeDefault.xctoolchain/usr/lib/swift/macosx/prebuilt-modules/26.5/Spatial.swiftmodule/arm64e-apple-macos.swiftmodule /Applications/Xcode.app/Contents/Developer/Toolchains/XcodeDefault.xctoolchain/usr/lib/swift/macosx/prebuilt-modules/26.5/Symbols.swiftmodule/arm64e-apple-macos.swiftmodule /Applications/Xcode.app/Contents/Developer/Toolchains/XcodeDefault.xctoolchain/usr/lib/swift/macosx/prebuilt-modules/26.5/_DarwinFoundation1.swiftmodule/arm64e-apple-macos.swiftmodule /Applications/Xcode.app/Contents/Developer/Toolchains/XcodeDefault.xctoolchain/usr/lib/swift/macosx/prebuilt-modules/26.5/_StringProcessing.swiftmodule/arm64e-apple-macos.swiftmodule /Applications/Xcode.app/Contents/Developer/Toolchains/XcodeDefault.xctoolchain/usr/lib/swift/macosx/prebuilt-modules/26.5/Combine.swiftmodule/arm64e-apple-macos.swiftmodule /Applications/Xcode.app/Contents/Developer/Toolchains/XcodeDefault.xctoolchain/usr/lib/swift/macosx/prebuilt-modules/26.5/Accessibility.swiftmodule/arm64e-apple-macos.swiftmodule /Applications/Xcode.app/Contents/Developer/Toolchains/XcodeDefault.xctoolchain/usr/lib/swift/macosx/prebuilt-modules/26.5/AppKit.swiftmodule/arm64e-apple-macos.swiftmodule /Applications/Xcode.app/Contents/Developer/Toolchains/XcodeDefault.xctoolchain/usr/lib/swift/macosx/prebuilt-modules/26.5/SwiftUICore.swiftmodule/arm64e-apple-macos.swiftmodule /Applications/Xcode.app/Contents/Developer/Toolchains/XcodeDefault.xctoolchain/usr/lib/swift/macosx/prebuilt-modules/26.5/AVFAudio.swiftmodule/arm64e-apple-macos.swiftmodule /Applications/Xcode.app/Contents/Developer/Toolchains/XcodeDefault.xctoolchain/usr/lib/swift/macosx/prebuilt-modules/26.5/CoreGraphics.swiftmodule/arm64e-apple-macos.swiftmodule /Applications/Xcode.app/Contents/Developer/Toolchains/XcodeDefault.xctoolchain/usr/lib/swift/macosx/prebuilt-modules/26.5/StoreKit.swiftmodule/arm64e-apple-macos.swiftmodule /Applications/Xcode.app/Contents/Developer/Toolchains/XcodeDefault.xctoolchain/usr/lib/swift/macosx/prebuilt-modules/26.5/SwiftData.swiftmodule/arm64e-apple-macos.swiftmodule /Applications/Xcode.app/Contents/Developer/Toolchains/XcodeDefault.xctoolchain/usr/lib/swift/macosx/prebuilt-modules/26.5/QuartzCore.swiftmodule/arm64e-apple-macos.swiftmodule /Applications/Xcode.app/Contents/Developer/Toolchains/XcodeDefault.xctoolchain/usr/lib/swift/macosx/prebuilt-modules/26.5/CoreSpotlight.swiftmodule/arm64e-apple-macos.swiftmodule /Applications/Xcode.app/Contents/Developer/Toolchains/XcodeDefault.xctoolchain/usr/lib/swift/macosx/prebuilt-modules/26.5/IOKit.swiftmodule/arm64e-apple-macos.swiftmodule /Applications/Xcode.app/Contents/Developer/Toolchains/XcodeDefault.xctoolchain/usr/lib/swift/macosx/prebuilt-modules/26.5/XPC.swiftmodule/arm64e-apple-macos.swiftmodule /Applications/Xcode.app/Contents/Developer/Toolchains/XcodeDefault.xctoolchain/usr/lib/swift/macosx/prebuilt-modules/26.5/DataDetection.swiftmodule/arm64e-apple-macos.swiftmodule /Applications/Xcode.app/Contents/Developer/Toolchains/XcodeDefault.xctoolchain/usr/lib/swift/macosx/prebuilt-modules/26.5/CoreImage.swiftmodule/arm64e-apple-macos.swiftmodule /Applications/Xcode.app/Contents/Developer/Toolchains/XcodeDefault.xctoolchain/usr/lib/swift/macosx/prebuilt-modules/26.5/_Concurrency.swiftmodule/arm64e-apple-macos.swiftmodule /Applications/Xcode.app/Contents/Developer/Toolchains/XcodeDefault.xctoolchain/usr/lib/swift/macosx/prebuilt-modules/26.5/Observation.swiftmodule/arm64e-apple-macos.swiftmodule /Applications/Xcode.app/Contents/Developer/Toolchains/XcodeDefault.xctoolchain/usr/lib/swift/macosx/prebuilt-modules/26.5/System.swiftmodule/arm64e-apple-macos.swiftmodule /Applications/Xcode.app/Contents/Developer/Toolchains/XcodeDefault.xctoolchain/usr/lib/swift/macosx/prebuilt-modules/26.5/_DarwinFoundation3.swiftmodule/arm64e-apple-macos.swiftmodule /Users/tanujd/dev/ambidash-qa/.qa-derived-mac-adhoc/ModuleCache.noindex/ptrauth-1AREJYH9STTH322E40WRY8C8X.pcm /Users/tanujd/dev/ambidash-qa/.qa-derived-mac-adhoc/ModuleCache.noindex/Spatial-5IN9LC4PLY3OJYHOTJPFYD8XG.pcm /Users/tanujd/dev/ambidash-qa/.qa-derived-mac-adhoc/ModuleCache.noindex/Metal-DV6A0EWMT4TUJALRWOHHNYVFK.pcm /Users/tanujd/dev/ambidash-qa/.qa-derived-mac-adhoc/ModuleCache.noindex/AudioToolbox-1YDQQ2RS6O2WDR9VDGKVWV7UX.pcm /Users/tanujd/dev/ambidash-qa/.qa-derived-mac-adhoc/ModuleCache.noindex/os_object-EO9XFMBNZQBC78S98CWYX3INI.pcm /Users/tanujd/dev/ambidash-qa/.qa-derived-mac-adhoc/ModuleCache.noindex/IOSurface-F3RMSOY09DO8JAT651FTLX3NP.pcm /Users/tanujd/dev/ambidash-qa/.qa-derived-mac-adhoc/ModuleCache.noindex/BackgroundAssets-F492TWP0V5E95O89I6RWFO3IE.pcm /Users/tanujd/dev/ambidash-qa/.qa-derived-mac-adhoc/ModuleCache.noindex/CUPS-52A02E3EPK1LXTD1HY4013L53.pcm /Users/tanujd/dev/ambidash-qa/.qa-derived-mac-adhoc/ModuleCache.noindex/Security-4OSS3C967PTHPTW777KLMD04H.pcm /Users/tanujd/dev/ambidash-qa/.qa-derived-mac-adhoc/ModuleCache.noindex/SwiftUI-9AXUXZ91JE7GX4JK6JXU9NIHR.pcm /Users/tanujd/dev/ambidash-qa/.qa-derived-mac-adhoc/ModuleCache.noindex/_Builtin_inttypes-9118B2T0Q94DXSV712C4B6BZW.pcm /Users/tanujd/dev/ambidash-qa/.qa-derived-mac-adhoc/ModuleCache.noindex/CoreTransferable-6CLC71K0S4QKIWZP6D47NMNNH.pcm /Users/tanujd/dev/ambidash-qa/.qa-derived-mac-adhoc/ModuleCache.noindex/CoreAudio-2QZXVRY6NN66176TGVOEFBPJC.pcm /Users/tanujd/dev/ambidash-qa/.qa-derived-mac-adhoc/ModuleCache.noindex/_Builtin_tgmath-9HUC615N22Z1D3ZN9QE0P3VCO.pcm /Users/tanujd/dev/ambidash-qa/.qa-derived-mac-adhoc/ModuleCache.noindex/_Builtin_stdarg-5G3KKEA279PJEQN5JJRW6V5XC.pcm /Users/tanujd/dev/ambidash-qa/.qa-derived-mac-adhoc/ModuleCache.noindex/CoreGraphics-RYGO0QUFGR5VLQNV6ZXQQ8XD.pcm /Users/tanujd/dev/ambidash-qa/.qa-derived-mac-adhoc/ModuleCache.noindex/simd-11GZBH3MRERXWJNX4U98WP84T.pcm /Users/tanujd/dev/ambidash-qa/.qa-derived-mac-adhoc/ModuleCache.noindex/_Builtin_stdbool-5SLH2JPYLCND30C5YGZJWUL06.pcm /Users/tanujd/dev/ambidash-qa/.qa-derived-mac-adhoc/ModuleCache.noindex/_Builtin_limits-44HQKNF41P3FGQ9VSX3CEH79C.pcm /Users/tanujd/dev/ambidash-qa/.qa-derived-mac-adhoc/ModuleCache.noindex/OSLog-6T95ATCNVQM702T76NBSAFO8W.pcm /Users/tanujd/dev/ambidash-qa/.qa-derived-mac-adhoc/ModuleCache.noindex/ColorSync-97WR57JHJBRUMYR0A09Q7ZRMD.pcm /Users/tanujd/dev/ambidash-qa/.qa-derived-mac-adhoc/ModuleCache.noindex/_Builtin_float-AJXBXIJPYIGGP1RTOILR4J1F9.pcm /Users/tanujd/dev/ambidash-qa/.qa-derived-mac-adhoc/ModuleCache.noindex/CoreImage-BBC65QS3GUS93RM1ZLD6IZF7T.pcm /Users/tanujd/dev/ambidash-qa/.qa-derived-mac-adhoc/ModuleCache.noindex/CoreMIDI-RRL119I9WEMD0JTXYCCQJGOO.pcm /Users/tanujd/dev/ambidash-qa/.qa-derived-mac-adhoc/ModuleCache.noindex/_DarwinFoundation3-733A5V7RFQZ47QBGMG8S74ZVR.pcm /Users/tanujd/dev/ambidash-qa/.qa-derived-mac-adhoc/ModuleCache.noindex/AppKit-E5TLOSNVUMRXR4K9FYV5UYJ5W.pcm /Users/tanujd/dev/ambidash-qa/.qa-derived-mac-adhoc/ModuleCache.noindex/_Builtin_intrinsics-9Y5LO827ZSGUKI4LGD17ZOG95.pcm /Users/tanujd/dev/ambidash-qa/.qa-derived-mac-adhoc/ModuleCache.noindex/Darwin-6GXH918TS4IUJ95L89NEXPYPD.pcm /Users/tanujd/dev/ambidash-qa/.qa-derived-mac-adhoc/ModuleCache.noindex/_Builtin_stddef-4XAOWAV6W9QUD0OOZXZDYN0QL.pcm /Users/tanujd/dev/ambidash-qa/.qa-derived-mac-adhoc/ModuleCache.noindex/XPC-1HDU4GV5NI8MHW9JAKFI4N1AF.pcm /Users/tanujd/dev/ambidash-qa/.qa-derived-mac-adhoc/ModuleCache.noindex/AVFoundation-3QMFNO6CSPQ59MH27X5CEE0LG.pcm /Users/tanujd/dev/ambidash-qa/.qa-derived-mac-adhoc/ModuleCache.noindex/CoreAudioTypes-9ZSE5Y4PZUJP2WIJWRWE1WT7W.pcm /Users/tanujd/dev/ambidash-qa/.qa-derived-mac-adhoc/ModuleCache.noindex/sys_types-2VK8RIPQKOABSI2B33HDIVPRC.pcm /Users/tanujd/dev/ambidash-qa/.qa-derived-mac-adhoc/ModuleCache.noindex/dnssd-BL6UWS8KBE6EFHUBI4I7XAJZB.pcm /Users/tanujd/dev/ambidash-qa/.qa-derived-mac-adhoc/ModuleCache.noindex/launch-BL4BQENOZTVAIDBD5XX93R0M7.pcm /Users/tanujd/dev/ambidash-qa/.qa-derived-mac-adhoc/ModuleCache.noindex/Dispatch-8R73ZFPT7NEM0NXSCUTMR6W8G.pcm /Users/tanujd/dev/ambidash-qa/.qa-derived-mac-adhoc/ModuleCache.noindex/ExtensionFoundation-BZ1O3R7SW1AXC52BKROC5N08Z.pcm /Users/tanujd/dev/ambidash-qa/.qa-derived-mac-adhoc/ModuleCache.noindex/IOKit-1XDT5OWK63AAS00VMCG8AUIJ1.pcm /Users/tanujd/dev/ambidash-qa/.qa-derived-mac-adhoc/ModuleCache.noindex/CoreMedia-2YGILJV24YZ6RS8MES8Q8O1F1.pcm /Users/tanujd/dev/ambidash-qa/.qa-derived-mac-adhoc/ModuleCache.noindex/OpenGL-D24K6HCQLHFXQD65SXNQST7ND.pcm /Users/tanujd/dev/ambidash-qa/.qa-derived-mac-adhoc/ModuleCache.noindex/os_workgroup-D9E1PYD30D2LC11RSBMC2WCOD.pcm /Users/tanujd/dev/ambidash-qa/.qa-derived-mac-adhoc/ModuleCache.noindex/MediaToolbox-CGDE20F6JDKV5YG4HMAFX9MQT.pcm /Users/tanujd/dev/ambidash-qa/.qa-derived-mac-adhoc/ModuleCache.noindex/CoreText-4CLJAY7MLA6RFJY1MQJ8GMR4V.pcm /Users/tanujd/dev/ambidash-qa/.qa-derived-mac-adhoc/ModuleCache.noindex/SwiftUICore-8UVSQ27DKODD01CKY7EI8SU5I.pcm /Users/tanujd/dev/ambidash-qa/.qa-derived-mac-adhoc/ModuleCache.noindex/CoreData-8S5WPP8WS6ZQURRV63WP7O3EM.pcm /Users/tanujd/dev/ambidash-qa/.qa-derived-mac-adhoc/ModuleCache.noindex/DeveloperToolsSupport-BZ1PA6FB2ME7BWQ72EC7PFQSZ.pcm /Users/tanujd/dev/ambidash-qa/.qa-derived-mac-adhoc/ModuleCache.noindex/UniformTypeIdentifiers-2QJK9YT2V5YF34AMVXVZ7ND0C.pcm /Users/tanujd/dev/ambidash-qa/.qa-derived-mac-adhoc/ModuleCache.noindex/DataDetection-1Q1UT8289O82IGF0H88TUVUKK.pcm /Users/tanujd/dev/ambidash-qa/.qa-derived-mac-adhoc/ModuleCache.noindex/SwiftShims-9GTRPHFMTPZA2N1GNQ4LI1QBW.pcm /Users/tanujd/dev/ambidash-qa/.qa-derived-mac-adhoc/ModuleCache.noindex/ptrcheck-DJBJQOALX4RV81N8T6R8P0LYN.pcm /Users/tanujd/dev/ambidash-qa/.qa-derived-mac-adhoc/ModuleCache.noindex/Accelerate-8OPN23WLQCPWDJSP7YK2LNZ86.pcm /Users/tanujd/dev/ambidash-qa/.qa-derived-mac-adhoc/ModuleCache.noindex/os-P3L4U902N7MCKSCERRKXJIQ2.pcm /Users/tanujd/dev/ambidash-qa/.qa-derived-mac-adhoc/ModuleCache.noindex/CoreSpotlight-7GW6XNE369XU2OJS1BBHD38NS.pcm /Users/tanujd/dev/ambidash-qa/.qa-derived-mac-adhoc/ModuleCache.noindex/_DarwinFoundation2-AK72CQ6B6O8L33XC9P0VR78YS.pcm /Users/tanujd/dev/ambidash-qa/.qa-derived-mac-adhoc/ModuleCache.noindex/CFNetwork-FA1AQUKKXV50O9250YRG4A95.pcm /Users/tanujd/dev/ambidash-qa/.qa-derived-mac-adhoc/ModuleCache.noindex/Network-4IPJ9Y5W1U0LBGAB72H26S3N8.pcm /Users/tanujd/dev/ambidash-qa/.qa-derived-mac-adhoc/ModuleCache.noindex/_Builtin_stdatomic-8K3OCETYQP5WD1VHGXTAV34EO.pcm /Users/tanujd/dev/ambidash-qa/.qa-derived-mac-adhoc/ModuleCache.noindex/AVFAudio-6IUFUIKQ3ZAR1IA05PBVUSEVB.pcm /Users/tanujd/dev/ambidash-qa/.qa-derived-mac-adhoc/ModuleCache.noindex/DiskArbitration-GH9ZO1DT4RQT6SVH7RNNS968.pcm /Users/tanujd/dev/ambidash-qa/.qa-derived-mac-adhoc/ModuleCache.noindex/StoreKit-3QRE675SO3HZYEWPIBIIMJV80.pcm /Users/tanujd/dev/ambidash-qa/.qa-derived-mac-adhoc/ModuleCache.noindex/_DarwinFoundation1-CQ6HHM4KBZMXRLFGJNFOZ7ZVY.pcm /Users/tanujd/dev/ambidash-qa/.qa-derived-mac-adhoc/ModuleCache.noindex/CoreVideo-9JW5Y1CLAMK0Y6EVVZNHAQZBD.pcm /Users/tanujd/dev/ambidash-qa/.qa-derived-mac-adhoc/ModuleCache.noindex/ObjectiveC-COWX0N5AS8V3OPY6LOSEDDMX8.pcm /Users/tanujd/dev/ambidash-qa/.qa-derived-mac-adhoc/ModuleCache.noindex/ApplicationServices-90SU0NFTGEH3G52XX0MBJUAO6.pcm /Users/tanujd/dev/ambidash-qa/.qa-derived-mac-adhoc/ModuleCache.noindex/QuartzCore-59VI2QGWQT7L7NFLKVXKXWKKW.pcm /Users/tanujd/dev/ambidash-qa/.qa-derived-mac-adhoc/ModuleCache.noindex/Foundation-3A2NC99IO6HQIK9AU7KPRBZ45.pcm /Users/tanujd/dev/ambidash-qa/.qa-derived-mac-adhoc/ModuleCache.noindex/_Builtin_stdint-22WWAK9TBFVF5MTS1ESRO90SP.pcm /Users/tanujd/dev/ambidash-qa/.qa-derived-mac-adhoc/ModuleCache.noindex/CoreML-3IEBCR9Z419CZLO6909SVMEAP.pcm /Users/tanujd/dev/ambidash-qa/.qa-derived-mac-adhoc/ModuleCache.noindex/CoreServices-4TUUCB55E1S4UP0M8PBXWLDKT.pcm /Users/tanujd/dev/ambidash-qa/.qa-derived-mac-adhoc/ModuleCache.noindex/libDER-CY6OFSDHWYF5RESFB2EMIJDYL.pcm /Users/tanujd/dev/ambidash-qa/.qa-derived-mac-adhoc/ModuleCache.noindex/_AvailabilityInternal-ADEU4N5FYP2UE13D3UEIV291A.pcm /Users/tanujd/dev/ambidash-qa/.qa-derived-mac-adhoc/ModuleCache.noindex/_SwiftConcurrencyShims-U17KISLZMM51RKNK9RN03VIY.pcm /Users/tanujd/dev/ambidash-qa/.qa-derived-mac-adhoc/ModuleCache.noindex/Accessibility-5KGIH10Y9KOVILX4KWA0J4DYK.pcm /Users/tanujd/dev/ambidash-qa/.qa-derived-mac-adhoc/ModuleCache.noindex/Symbols-DOSKEBQB0QW5UU2GRY83K3BU2.pcm /Users/tanujd/dev/ambidash-qa/.qa-derived-mac-adhoc/ModuleCache.noindex/Vision-EHRJ2P4DQAA7OQTK1L36UGTP0.pcm /Users/tanujd/dev/ambidash-qa/.qa-derived-mac-adhoc/ModuleCache.noindex/LocalAuthentication-8UAONRNMLXUJ3OGZA0LIYBOG8.pcm /Users/tanujd/dev/ambidash-qa/.qa-derived-mac-adhoc/ModuleCache.noindex/libkern-9Y7MSR839NCITP6FY6BDZYPVO.pcm /Users/tanujd/dev/ambidash-qa/.qa-derived-mac-adhoc/ModuleCache.noindex/CoreFoundation-9W7LVZ7Z11TNALLA1PWB314XN.pcm /Users/tanujd/dev/ambidash-qa/.qa-derived-mac-adhoc/ModuleCache.noindex/AuthenticationServices-H05GOPXB4Z6OSJ2ANEA6ZSIT.pcm /Users/tanujd/dev/ambidash-qa/.qa-derived-mac-adhoc/ModuleCache.noindex/Carbon-9P4U997DTBLBU8D6MVIDDAXD.pcm /Users/tanujd/dev/ambidash-qa/.qa-derived-mac-adhoc/ModuleCache.noindex/MachO-9AOF0L2I0PYLGB5KNTYF4QWJZ.pcm /Users/tanujd/dev/ambidash-qa/.qa-derived-mac-adhoc/ModuleCache.noindex/ImageIO-5YN7IPPOK7AUKS2DDDR0N5YCC.pcm /Users/tanujd/dev/ambidash-qa/.qa-derived-mac-adhoc/Build/Intermediates.noindex/ambidash.build/Release/ambidash-mac.build/Objects-normal/arm64/ambidash_mac-dependencies-1.json (in target 'ambidash-mac' from project 'ambidash')

CompileSwift normal arm64 (in target 'ambidash-mac' from project 'ambidash')
    cd /Users/tanujd/dev/ambidash-qa
    

SwiftDriverJobDiscovery normal arm64 Compiling AIConfig.swift, AIService.swift, ActualEvent.swift, AdherenceFormat.swift, AmbidashMacApp.swift, AmbidashTheme.swift, Animations.swift, AppLimitController.swift, AppModelContainer.swift, AssessmentQuestion.swift, Board.swift, BoardComponent.swift, BoardData.swift, BoardSeeder.swift, BoardTaxonomy.swift, BoardTemplate.swift, CaptureDecomposeService.swift, CaptureItem.swift, CaptureService.swift, CarryOverService.swift, ClosingRitualService.swift, ComponentConfig.swift, Components.swift, CompositeHistoryCalculator.swift, CoreAssessment.swift, DailyPlan.swift, DailyTimeline.swift, DataExportService.swift, DeepLink.swift, DictationService.swift, DimensionScoreCalculator.swift, DisruptionPhrasing.swift, DisruptionService.swift, DomainAssessment.swift, DomainAssessmentQuestions.swift, EmptyState.swift, EnergyCheckin.swift, ErrorLogger.swift, Goal.swift, GoalDomain.swift, GoalHealthService.swift, GoalHorizon.swift, GoalImportService.swift, GoalProgress.swift, GoalProgressTracker.swift, GoalRecurrence.swift, GoalStatus.swift, GoalType.swift, GoalTypeInferenceService.swift, Haptics.swift, HardModeService.swift, IntegrationSnapshot.swift, LearningService.swift, LifeDimension.swift, LiveActivityService.swift, MacCaptureView.swift, MacComponents.swift, MacDashboardView.swift, MacGoalsView.swift, MacMentorView.swift, MacReflectView.swift, MacRootView.swift, MacSettingsView.swift, MacTodayView.swift, MentorFeedback.swift, MentorPromptBuilder.swift, MetricDirection.swift, Milestone.swift, MilestoneGenerator.swift, MilestonePeriod.swift, MilestoneProgressService.swift, MotionPreference.swift, MultiDayPlannerService.swift, NetworkMonitor.swift, NotionService.swift, OCRService.swift, ObsidianService.swift, PatternCheckInPhrasing.swift, PatternCheckInService.swift, PlanFormat.swift, PlanGenerator.swift, PlannedAction.swift, PremiumGateService.swift, ProgressLog.swift, ProgressLogService.swift, ProgressLogSource.swift, PulseScoreCalculator.swift, QRCode.swift, ReferralService.swift, Reflection.swift, ReflectionPhoto.swift, RestBankService.swift, ScaffoldingService.swift, ScoreBreakdown.swift, ShimmerView.swift, SkipAnalysisService.swift, SlotScheduler.swift, SnapshotBuilder.swift, SpotlightService.swift, Streak.swift, StreakService.swift, SubscriptionService.swift, SupabaseConfig.swift, SupabaseService.swift, SyncService.swift, TargetMath.swift, UITestSupport.swift, UserPreferences.swift, UserProfile.swift, WakeTracker.swift, WeeklyPlanService.swift, WinsService.swift, WorkStylePreference.swift, RestrictionModels.swift, RestrictionScheduleService.swift, AccountabilityModels.swift, CustomVital.swift, DisruptionService+Adaptive.swift, PatternCheckInService+Adaptive.swift, LearningService+ActivityDigest.swift, AdaptiveScheduling.swift, ActivityInsights.swift, GeneratedAssetSymbols.swift (in target 'ambidash-mac' from project 'ambidash')

SwiftDriver\ Compilation\ Requirements ambidash-mac normal arm64 com.apple.xcode.tools.swift.compiler (in target 'ambidash-mac' from project 'ambidash')
    cd /Users/tanujd/dev/ambidash-qa
    builtin-Swift-Compilation-Requirements -- /Applications/Xcode.app/Contents/Developer/Toolchains/XcodeDefault.xctoolchain/usr/bin/swiftc -module-name ambidash_mac -O -whole-module-optimization @/Users/tanujd/dev/ambidash-qa/.qa-derived-mac-adhoc/Build/Intermediates.noindex/ambidash.build/Release/ambidash-mac.build/Objects-normal/arm64/ambidash-mac.SwiftFileList -enable-experimental-feature DebugDescriptionMacro -sdk /Applications/Xcode.app/Contents/Developer/Platforms/MacOSX.platform/Developer/SDKs/MacOSX26.5.sdk -target arm64-apple-macos14.0 -g -module-cache-path /Users/tanujd/dev/ambidash-qa/.qa-derived-mac-adhoc/ModuleCache.noindex -Xfrontend -serialize-debugging-options -swift-version 6 -I /Users/tanujd/dev/ambidash-qa/.qa-derived-mac-adhoc/Build/Products/Release -F /Users/tanujd/dev/ambidash-qa/.qa-derived-mac-adhoc/Build/Products/Release -emit-localized-strings -emit-localized-strings-path /Users/tanujd/dev/ambidash-qa/.qa-derived-mac-adhoc/Build/Intermediates.noindex/ambidash.build/Release/ambidash-mac.build/Objects-normal/arm64 -c -num-threads 10 -Xcc -ivfsstatcache -Xcc /Users/tanujd/dev/ambidash-qa/.qa-derived-mac-adhoc/SDKStatCaches.noindex/macosx26.5-25F70-e082c4a02f00227109f4ed75e425c832.sdkstatcache -output-file-map /Users/tanujd/dev/ambidash-qa/.qa-derived-mac-adhoc/Build/Intermediates.noindex/ambidash.build/Release/ambidash-mac.build/Objects-normal/arm64/ambidash-mac-OutputFileMap.json -use-frontend-parseable-output -save-temps -no-color-diagnostics -explicit-module-build -module-cache-path /Users/tanujd/dev/ambidash-qa/.qa-derived-mac-adhoc/Build/Intermediates.noindex/SwiftExplicitPrecompiledModules -clang-scanner-module-cache-path /Users/tanujd/dev/ambidash-qa/.qa-derived-mac-adhoc/ModuleCache.noindex -sdk-module-cache-path /Users/tanujd/dev/ambidash-qa/.qa-derived-mac-adhoc/ModuleCache.noindex -serialize-diagnostics -emit-dependencies -emit-module -emit-module-path /Users/tanujd/dev/ambidash-qa/.qa-derived-mac-adhoc/Build/Intermediates.noindex/ambidash.build/Release/ambidash-mac.build/Objects-normal/arm64/ambidash_mac.swiftmodule -validate-clang-modules-once -clang-build-session-file /Users/tanujd/dev/ambidash-qa/.qa-derived-mac-adhoc/ModuleCache.noindex/Session.modulevalidation -Xcc -I/Users/tanujd/dev/ambidash-qa/.qa-derived-mac-adhoc/Build/Intermediates.noindex/ambidash.build/Release/ambidash-mac.build/swift-overrides.hmap -emit-const-values -Xfrontend -const-gather-protocols-file -Xfrontend /Users/tanujd/dev/ambidash-qa/.qa-derived-mac-adhoc/Build/Intermediates.noindex/ambidash.build/Release/ambidash-mac.build/Objects-normal/arm64/ambidash-mac_const_extract_protocols.json -Xcc -iquote -Xcc /Users/tanujd/dev/ambidash-qa/.qa-derived-mac-adhoc/Build/Intermediates.noindex/ambidash.build/Release/ambidash-mac.build/ambidash-mac-generated-files.hmap -Xcc -I/Users/tanujd/dev/ambidash-qa/.qa-derived-mac-adhoc/Build/Intermediates.noindex/ambidash.build/Release/ambidash-mac.build/ambidash-mac-own-target-headers.hmap -Xcc -I/Users/tanujd/dev/ambidash-qa/.qa-derived-mac-adhoc/Build/Intermediates.noindex/ambidash.build/Release/ambidash-mac.build/ambidash-mac-all-target-headers.hmap -Xcc -iquote -Xcc /Users/tanujd/dev/ambidash-qa/.qa-derived-mac-adhoc/Build/Intermediates.noindex/ambidash.build/Release/ambidash-mac.build/ambidash-mac-project-headers.hmap -Xcc -I/Users/tanujd/dev/ambidash-qa/.qa-derived-mac-adhoc/Build/Products/Release/include -Xcc -I/Users/tanujd/dev/ambidash-qa/.qa-derived-mac-adhoc/Build/Intermediates.noindex/ambidash.build/Release/ambidash-mac.build/DerivedSources-normal/arm64 -Xcc -I/Users/tanujd/dev/ambidash-qa/.qa-derived-mac-adhoc/Build/Intermediates.noindex/ambidash.build/Release/ambidash-mac.build/DerivedSources/arm64 -Xcc -I/Users/tanujd/dev/ambidash-qa/.qa-derived-mac-adhoc/Build/Intermediates.noindex/ambidash.build/Release/ambidash-mac.build/DerivedSources -emit-objc-header -emit-objc-header-path /Users/tanujd/dev/ambidash-qa/.qa-derived-mac-adhoc/Build/Intermediates.noindex/ambidash.build/Release/ambidash-mac.build/Objects-normal/arm64/ambidash_mac-Swift.h -working-directory /Users/tanujd/dev/ambidash-qa -no-emit-module-separately-wmo

SwiftMergeGeneratedHeaders /Users/tanujd/dev/ambidash-qa/.qa-derived-mac-adhoc/Build/Intermediates.noindex/ambidash.build/Release/ambidash-mac.build/DerivedSources/ambidash_mac-Swift.h /Users/tanujd/dev/ambidash-qa/.qa-derived-mac-adhoc/Build/Intermediates.noindex/ambidash.build/Release/ambidash-mac.build/Objects-normal/arm64/ambidash_mac-Swift.h (in target 'ambidash-mac' from project 'ambidash')
    cd /Users/tanujd/dev/ambidash-qa
    builtin-swiftHeaderTool -arch arm64 /Users/tanujd/dev/ambidash-qa/.qa-derived-mac-adhoc/Build/Intermediates.noindex/ambidash.build/Release/ambidash-mac.build/Objects-normal/arm64/ambidash_mac-Swift.h -o /Users/tanujd/dev/ambidash-qa/.qa-derived-mac-adhoc/Build/Intermediates.noindex/ambidash.build/Release/ambidash-mac.build/DerivedSources/ambidash_mac-Swift.h

Copy /Users/tanujd/dev/ambidash-qa/.qa-derived-mac-adhoc/Build/Products/Release/ambidash_mac.swiftmodule/arm64-apple-macos.swiftmodule /Users/tanujd/dev/ambidash-qa/.qa-derived-mac-adhoc/Build/Intermediates.noindex/ambidash.build/Release/ambidash-mac.build/Objects-normal/arm64/ambidash_mac.swiftmodule (in target 'ambidash-mac' from project 'ambidash')
    cd /Users/tanujd/dev/ambidash-qa
    builtin-copy -exclude .DS_Store -exclude CVS -exclude .svn -exclude .git -exclude .hg -resolve-src-symlinks -rename /Users/tanujd/dev/ambidash-qa/.qa-derived-mac-adhoc/Build/Intermediates.noindex/ambidash.build/Release/ambidash-mac.build/Objects-normal/arm64/ambidash_mac.swiftmodule /Users/tanujd/dev/ambidash-qa/.qa-derived-mac-adhoc/Build/Products/Release/ambidash_mac.swiftmodule/arm64-apple-macos.swiftmodule

Copy /Users/tanujd/dev/ambidash-qa/.qa-derived-mac-adhoc/Build/Products/Release/ambidash_mac.swiftmodule/arm64-apple-macos.swiftdoc /Users/tanujd/dev/ambidash-qa/.qa-derived-mac-adhoc/Build/Intermediates.noindex/ambidash.build/Release/ambidash-mac.build/Objects-normal/arm64/ambidash_mac.swiftdoc (in target 'ambidash-mac' from project 'ambidash')
    cd /Users/tanujd/dev/ambidash-qa
    builtin-copy -exclude .DS_Store -exclude CVS -exclude .svn -exclude .git -exclude .hg -resolve-src-symlinks -rename /Users/tanujd/dev/ambidash-qa/.qa-derived-mac-adhoc/Build/Intermediates.noindex/ambidash.build/Release/ambidash-mac.build/Objects-normal/arm64/ambidash_mac.swiftdoc /Users/tanujd/dev/ambidash-qa/.qa-derived-mac-adhoc/Build/Products/Release/ambidash_mac.swiftmodule/arm64-apple-macos.swiftdoc

Copy /Users/tanujd/dev/ambidash-qa/.qa-derived-mac-adhoc/Build/Products/Release/ambidash_mac.swiftmodule/arm64-apple-macos.abi.json /Users/tanujd/dev/ambidash-qa/.qa-derived-mac-adhoc/Build/Intermediates.noindex/ambidash.build/Release/ambidash-mac.build/Objects-normal/arm64/ambidash_mac.abi.json (in target 'ambidash-mac' from project 'ambidash')
    cd /Users/tanujd/dev/ambidash-qa
    builtin-copy -exclude .DS_Store -exclude CVS -exclude .svn -exclude .git -exclude .hg -resolve-src-symlinks -rename /Users/tanujd/dev/ambidash-qa/.qa-derived-mac-adhoc/Build/Intermediates.noindex/ambidash.build/Release/ambidash-mac.build/Objects-normal/arm64/ambidash_mac.abi.json /Users/tanujd/dev/ambidash-qa/.qa-derived-mac-adhoc/Build/Products/Release/ambidash_mac.swiftmodule/arm64-apple-macos.abi.json

Copy /Users/tanujd/dev/ambidash-qa/.qa-derived-mac-adhoc/Build/Products/Release/ambidash_mac.swiftmodule/Project/arm64-apple-macos.swiftsourceinfo /Users/tanujd/dev/ambidash-qa/.qa-derived-mac-adhoc/Build/Intermediates.noindex/ambidash.build/Release/ambidash-mac.build/Objects-normal/arm64/ambidash_mac.swiftsourceinfo (in target 'ambidash-mac' from project 'ambidash')
    cd /Users/tanujd/dev/ambidash-qa
    builtin-copy -exclude .DS_Store -exclude CVS -exclude .svn -exclude .git -exclude .hg -resolve-src-symlinks -rename /Users/tanujd/dev/ambidash-qa/.qa-derived-mac-adhoc/Build/Intermediates.noindex/ambidash.build/Release/ambidash-mac.build/Objects-normal/arm64/ambidash_mac.swiftsourceinfo /Users/tanujd/dev/ambidash-qa/.qa-derived-mac-adhoc/Build/Products/Release/ambidash_mac.swiftmodule/Project/arm64-apple-macos.swiftsourceinfo

Ld /Users/tanujd/dev/ambidash-qa/.qa-derived-mac-adhoc/Build/Products/Release/ambidash-mac.app/Contents/MacOS/ambidash-mac normal (in target 'ambidash-mac' from project 'ambidash')
    cd /Users/tanujd/dev/ambidash-qa
    /Applications/Xcode.app/Contents/Developer/Toolchains/XcodeDefault.xctoolchain/usr/bin/clang -Xlinker -reproducible -target arm64-apple-macos14.0 -isysroot /Applications/Xcode.app/Contents/Developer/Platforms/MacOSX.platform/Developer/SDKs/MacOSX26.5.sdk -Os -L/Users/tanujd/dev/ambidash-qa/.qa-derived-mac-adhoc/Build/Intermediates.noindex/EagerLinkingTBDs/Release -L/Users/tanujd/dev/ambidash-qa/.qa-derived-mac-adhoc/Build/Products/Release -F/Users/tanujd/dev/ambidash-qa/.qa-derived-mac-adhoc/Build/Intermediates.noindex/EagerLinkingTBDs/Release -F/Users/tanujd/dev/ambidash-qa/.qa-derived-mac-adhoc/Build/Products/Release -filelist /Users/tanujd/dev/ambidash-qa/.qa-derived-mac-adhoc/Build/Intermediates.noindex/ambidash.build/Release/ambidash-mac.build/Objects-normal/arm64/ambidash-mac.LinkFileList -Xlinker -rpath -Xlinker /usr/lib/swift -Xlinker -rpath -Xlinker @executable_path/../Frameworks -Xlinker -object_path_lto -Xlinker /Users/tanujd/dev/ambidash-qa/.qa-derived-mac-adhoc/Build/Intermediates.noindex/ambidash.build/Release/ambidash-mac.build/Objects-normal/arm64/ambidash-mac_lto.o -Xlinker -dependency_info -Xlinker /Users/tanujd/dev/ambidash-qa/.qa-derived-mac-adhoc/Build/Intermediates.noindex/ambidash.build/Release/ambidash-mac.build/Objects-normal/arm64/ambidash-mac_dependency_info.dat -fobjc-link-runtime -L/Applications/Xcode.app/Contents/Developer/Toolchains/XcodeDefault.xctoolchain/usr/lib/swift/macosx -L/usr/lib/swift -Xlinker -add_ast_path -Xlinker /Users/tanujd/dev/ambidash-qa/.qa-derived-mac-adhoc/Build/Intermediates.noindex/ambidash.build/Release/ambidash-mac.build/Objects-normal/arm64/ambidash_mac.swiftmodule @/Users/tanujd/dev/ambidash-qa/.qa-derived-mac-adhoc/Build/Intermediates.noindex/ambidash.build/Release/ambidash-mac.build/Objects-normal/arm64/ambidash_mac-linker-args.resp -Xlinker -no_adhoc_codesign -o /Users/tanujd/dev/ambidash-qa/.qa-derived-mac-adhoc/Build/Products/Release/ambidash-mac.app/Contents/MacOS/ambidash-mac

CopySwiftLibs /Users/tanujd/dev/ambidash-qa/.qa-derived-mac-adhoc/Build/Products/Release/ambidash-mac.app (in target 'ambidash-mac' from project 'ambidash')
    cd /Users/tanujd/dev/ambidash-qa
    builtin-swiftStdLibTool --copy --verbose --sign - --scan-executable /Users/tanujd/dev/ambidash-qa/.qa-derived-mac-adhoc/Build/Products/Release/ambidash-mac.app/Contents/MacOS/ambidash-mac --scan-folder /Users/tanujd/dev/ambidash-qa/.qa-derived-mac-adhoc/Build/Products/Release/ambidash-mac.app/Contents/Frameworks --scan-folder /Users/tanujd/dev/ambidash-qa/.qa-derived-mac-adhoc/Build/Products/Release/ambidash-mac.app/Contents/PlugIns --scan-folder /Users/tanujd/dev/ambidash-qa/.qa-derived-mac-adhoc/Build/Products/Release/ambidash-mac.app/Contents/Library/SystemExtensions --scan-folder /Users/tanujd/dev/ambidash-qa/.qa-derived-mac-adhoc/Build/Products/Release/ambidash-mac.app/Contents/Extensions --platform macosx --toolchain /Applications/Xcode.app/Contents/Developer/Toolchains/XcodeDefault.xctoolchain --destination /Users/tanujd/dev/ambidash-qa/.qa-derived-mac-adhoc/Build/Products/Release/ambidash-mac.app/Contents/Frameworks --strip-bitcode --strip-bitcode-tool /Applications/Xcode.app/Contents/Developer/Toolchains/XcodeDefault.xctoolchain/usr/bin/bitcode_strip --emit-dependency-info /Users/tanujd/dev/ambidash-qa/.qa-derived-mac-adhoc/Build/Intermediates.noindex/ambidash.build/Release/ambidash-mac.build/SwiftStdLibToolInputDependencies.dep --filter-for-swift-os --back-deploy-swift-span

ExtractAppIntentsMetadata (in target 'ambidash-mac' from project 'ambidash')
    cd /Users/tanujd/dev/ambidash-qa
    /Applications/Xcode.app/Contents/Developer/Toolchains/XcodeDefault.xctoolchain/usr/bin/appintentsmetadataprocessor --toolchain-dir /Applications/Xcode.app/Contents/Developer/Toolchains/XcodeDefault.xctoolchain --module-name ambidash_mac --sdk-root /Applications/Xcode.app/Contents/Developer/Platforms/MacOSX.platform/Developer/SDKs/MacOSX26.5.sdk --xcode-version 17F42 --platform-family macOS --deployment-target 14.0 --bundle-identifier com.ambidash.app.mac --output /Users/tanujd/dev/ambidash-qa/.qa-derived-mac-adhoc/Build/Products/Release/ambidash-mac.app/Contents/Resources --target-triple arm64-apple-macos14.0 --binary-file /Users/tanujd/dev/ambidash-qa/.qa-derived-mac-adhoc/Build/Products/Release/ambidash-mac.app/Contents/MacOS/ambidash-mac --dependency-file /Users/tanujd/dev/ambidash-qa/.qa-derived-mac-adhoc/Build/Intermediates.noindex/ambidash.build/Release/ambidash-mac.build/Objects-normal/arm64/ambidash-mac_dependency_info.dat --stringsdata-file /Users/tanujd/dev/ambidash-qa/.qa-derived-mac-adhoc/Build/Intermediates.noindex/ambidash.build/Release/ambidash-mac.build/Objects-normal/arm64/ExtractedAppShortcutsMetadata.stringsdata --source-file-list /Users/tanujd/dev/ambidash-qa/.qa-derived-mac-adhoc/Build/Intermediates.noindex/ambidash.build/Release/ambidash-mac.build/Objects-normal/arm64/ambidash-mac.SwiftFileList --metadata-file-list /Users/tanujd/dev/ambidash-qa/.qa-derived-mac-adhoc/Build/Intermediates.noindex/ambidash.build/Release/ambidash-mac.build/ambidash-mac.DependencyMetadataFileList --static-metadata-file-list /Users/tanujd/dev/ambidash-qa/.qa-derived-mac-adhoc/Build/Intermediates.noindex/ambidash.build/Release/ambidash-mac.build/ambidash-mac.DependencyStaticMetadataFileList --swift-const-vals-list /Users/tanujd/dev/ambidash-qa/.qa-derived-mac-adhoc/Build/Intermediates.noindex/ambidash.build/Release/ambidash-mac.build/Objects-normal/arm64/ambidash-mac.SwiftConstValuesFileList --compile-time-extraction --deployment-aware-processing --validate-assistant-intents --no-app-shortcuts-localization
2026-06-05 13:59:49.773 appintentsmetadataprocessor[75592:1243801] Starting appintentsmetadataprocessor export
2026-06-05 13:59:49.774 appintentsmetadataprocessor[75592:1243801] warning: Metadata extraction skipped. No AppIntents.framework dependency found.

GenerateDSYMFile /Users/tanujd/dev/ambidash-qa/.qa-derived-mac-adhoc/Build/Products/Release/ambidash-mac.app.dSYM /Users/tanujd/dev/ambidash-qa/.qa-derived-mac-adhoc/Build/Products/Release/ambidash-mac.app/Contents/MacOS/ambidash-mac (in target 'ambidash-mac' from project 'ambidash')
    cd /Users/tanujd/dev/ambidash-qa
    /Applications/Xcode.app/Contents/Developer/Toolchains/XcodeDefault.xctoolchain/usr/bin/dsymutil /Users/tanujd/dev/ambidash-qa/.qa-derived-mac-adhoc/Build/Products/Release/ambidash-mac.app/Contents/MacOS/ambidash-mac -o /Users/tanujd/dev/ambidash-qa/.qa-derived-mac-adhoc/Build/Products/Release/ambidash-mac.app.dSYM

CodeSign /Users/tanujd/dev/ambidash-qa/.qa-derived-mac-adhoc/Build/Products/Release/ambidash-mac.app (in target 'ambidash-mac' from project 'ambidash')
    cd /Users/tanujd/dev/ambidash-qa
    
    Signing Identity:     "Sign to Run Locally"
    
    /usr/bin/codesign --force --sign - --entitlements /Users/tanujd/dev/ambidash-qa/.qa-derived-mac-adhoc/Build/Intermediates.noindex/ambidash.build/Release/ambidash-mac.build/ambidash-mac.app.xcent --timestamp\=none --generate-entitlement-der /Users/tanujd/dev/ambidash-qa/.qa-derived-mac-adhoc/Build/Products/Release/ambidash-mac.app

RegisterExecutionPolicyException /Users/tanujd/dev/ambidash-qa/.qa-derived-mac-adhoc/Build/Products/Release/ambidash-mac.app (in target 'ambidash-mac' from project 'ambidash')
    cd /Users/tanujd/dev/ambidash-qa
    builtin-RegisterExecutionPolicyException /Users/tanujd/dev/ambidash-qa/.qa-derived-mac-adhoc/Build/Products/Release/ambidash-mac.app

Validate /Users/tanujd/dev/ambidash-qa/.qa-derived-mac-adhoc/Build/Products/Release/ambidash-mac.app (in target 'ambidash-mac' from project 'ambidash')
    cd /Users/tanujd/dev/ambidash-qa
    builtin-validationUtility /Users/tanujd/dev/ambidash-qa/.qa-derived-mac-adhoc/Build/Products/Release/ambidash-mac.app -no-validate-extension -infoplist-subpath Contents/Info.plist

Touch /Users/tanujd/dev/ambidash-qa/.qa-derived-mac-adhoc/Build/Products/Release/ambidash-mac.app (in target 'ambidash-mac' from project 'ambidash')
    cd /Users/tanujd/dev/ambidash-qa
    /usr/bin/touch -c /Users/tanujd/dev/ambidash-qa/.qa-derived-mac-adhoc/Build/Products/Release/ambidash-mac.app

RegisterWithLaunchServices /Users/tanujd/dev/ambidash-qa/.qa-derived-mac-adhoc/Build/Products/Release/ambidash-mac.app (in target 'ambidash-mac' from project 'ambidash')
    cd /Users/tanujd/dev/ambidash-qa
    /System/Library/Frameworks/CoreServices.framework/Versions/Current/Frameworks/LaunchServices.framework/Versions/Current/Support/lsregister -f -R -trusted /Users/tanujd/dev/ambidash-qa/.qa-derived-mac-adhoc/Build/Products/Release/ambidash-mac.app

** BUILD SUCCEEDED **

